{"/Users/gshah/KabirProjects/moon/dist/moon.js":{"b":{"1":[0,1],"2":[1,0],"3":[0,21],"4":[17,0],"5":[16,1],"6":[0,2],"7":[1,2],"8":[1,0],"9":[77,5],"10":[2,0],"11":[2,2],"12":[1,1],"13":[3,59],"14":[31,28],"15":[59,28],"16":[31,8],"17":[48,0],"18":[2,46],"19":[0,4],"20":[13,9],"21":[17,39],"22":[56,56,50],"23":[6,11],"24":[2,37],"25":[39,37],"26":[41,10],"27":[48,3],"28":[51,51,3],"29":[9,39],"30":[0,39],"31":[3,36],"32":[0,36],"33":[36,0],"34":[36,0],"35":[36,36],"36":[36,0],"37":[14,22],"38":[36,32,26,26,14],"39":[53,22],"40":[3,28],"41":[21,10],"42":[1,2],"43":[3,3,3],"44":[0,42],"45":[17,78],"46":[1,77],"47":[0,17],"48":[0,17],"49":[0,1],"50":[38,39],"51":[0,77],"52":[0,77],"53":[0,77],"54":[77,77,77],"55":[77,315],"56":[392,392,353],"57":[77,884],"58":[961,884,2],"59":[53,130],"60":[183,1,182,52],"61":[134,49],"62":[53,130],"63":[183,53],"64":[21,60],"65":[180,140],"66":[18,162],"67":[1,161],"68":[41,120],"69":[161,41,41],"70":[41,0],"71":[139,60,60],"72":[38,61],"73":[1,98],"74":[1,38],"75":[8,45],"76":[6,2],"77":[35,4],"78":[39,78],"79":[31,8],"80":[17,39],"81":[39,0],"82":[8,45],"83":[2,6],"84":[21,1],"85":[21,21],"86":[21,21],"87":[21,5],"88":[21,20],"89":[21,21],"90":[21,19],"91":[11,3],"92":[14,12],"93":[2,2],"94":[1,2],"95":[1,0],"96":[1,1],"97":[1,0],"98":[0,20],"99":[20,19],"100":[19,1],"101":[20,1],"102":[0,0],"103":[0,0],"104":[1,0],"105":[0,3],"106":[3,0],"107":[1,0],"108":[0,1]},"branchMap":{"1":{"line":11,"locations":[{"end":{"column":77,"line":11},"start":{"column":51,"line":11}},{"end":{"column":101,"line":11},"start":{"column":80,"line":11}}],"type":"cond-expr"},"2":{"line":11,"locations":[{"end":{"column":29,"line":11},"start":{"column":3,"line":11}},{"end":{"column":47,"line":11},"start":{"column":33,"line":11}}],"type":"binary-expr"},"3":{"line":37,"locations":[{"end":{"column":6,"line":37},"start":{"column":6,"line":37}},{"end":{"column":6,"line":37},"start":{"column":6,"line":37}}],"type":"if"},"4":{"line":94,"locations":[{"end":{"column":8,"line":94},"start":{"column":8,"line":94}},{"end":{"column":8,"line":94},"start":{"column":8,"line":94}}],"type":"if"},"5":{"line":97,"locations":[{"end":{"column":8,"line":97},"start":{"column":8,"line":97}},{"end":{"column":8,"line":97},"start":{"column":8,"line":97}}],"type":"if"},"6":{"line":115,"locations":[{"end":{"column":6,"line":115},"start":{"column":6,"line":115}},{"end":{"column":6,"line":115},"start":{"column":6,"line":115}}],"type":"if"},"7":{"line":123,"locations":[{"end":{"column":8,"line":123},"start":{"column":8,"line":123}},{"end":{"column":8,"line":123},"start":{"column":8,"line":123}}],"type":"if"},"8":{"line":124,"locations":[{"end":{"column":10,"line":124},"start":{"column":10,"line":124}},{"end":{"column":10,"line":124},"start":{"column":10,"line":124}}],"type":"if"},"9":{"line":153,"locations":[{"end":{"column":18,"line":153},"start":{"column":14,"line":153}},{"end":{"column":39,"line":153},"start":{"column":22,"line":153}}],"type":"binary-expr"},"10":{"line":167,"locations":[{"end":{"column":6,"line":167},"start":{"column":6,"line":167}},{"end":{"column":6,"line":167},"start":{"column":6,"line":167}}],"type":"if"},"11":{"line":182,"locations":[{"end":{"column":46,"line":182},"start":{"column":17,"line":182}},{"end":{"column":52,"line":182},"start":{"column":50,"line":182}}],"type":"binary-expr"},"12":{"line":184,"locations":[{"end":{"column":6,"line":184},"start":{"column":6,"line":184}},{"end":{"column":6,"line":184},"start":{"column":6,"line":184}}],"type":"if"},"13":{"line":205,"locations":[{"end":{"column":8,"line":205},"start":{"column":8,"line":205}},{"end":{"column":8,"line":205},"start":{"column":8,"line":205}}],"type":"if"},"14":{"line":207,"locations":[{"end":{"column":15,"line":207},"start":{"column":15,"line":207}},{"end":{"column":15,"line":207},"start":{"column":15,"line":207}}],"type":"if"},"15":{"line":207,"locations":[{"end":{"column":44,"line":207},"start":{"column":19,"line":207}},{"end":{"column":62,"line":207},"start":{"column":48,"line":207}}],"type":"binary-expr"},"16":{"line":208,"locations":[{"end":{"column":62,"line":208},"start":{"column":57,"line":208}},{"end":{"column":68,"line":208},"start":{"column":66,"line":208}}],"type":"binary-expr"},"17":{"line":227,"locations":[{"end":{"column":30,"line":227},"start":{"column":18,"line":227}},{"end":{"column":36,"line":227},"start":{"column":34,"line":227}}],"type":"binary-expr"},"18":{"line":231,"locations":[{"end":{"column":6,"line":231},"start":{"column":6,"line":231}},{"end":{"column":6,"line":231},"start":{"column":6,"line":231}}],"type":"if"},"19":{"line":248,"locations":[{"end":{"column":10,"line":248},"start":{"column":10,"line":248}},{"end":{"column":10,"line":248},"start":{"column":10,"line":248}}],"type":"if"},"20":{"line":266,"locations":[{"end":{"column":6,"line":266},"start":{"column":6,"line":266}},{"end":{"column":6,"line":266},"start":{"column":6,"line":266}}],"type":"if"},"21":{"line":292,"locations":[{"end":{"column":8,"line":292},"start":{"column":8,"line":292}},{"end":{"column":8,"line":292},"start":{"column":8,"line":292}}],"type":"if"},"22":{"line":292,"locations":[{"end":{"column":33,"line":292},"start":{"column":12,"line":292}},{"end":{"column":57,"line":292},"start":{"column":37,"line":292}},{"end":{"column":88,"line":292},"start":{"column":61,"line":292}}],"type":"binary-expr"},"23":{"line":294,"locations":[{"end":{"column":10,"line":294},"start":{"column":10,"line":294}},{"end":{"column":10,"line":294},"start":{"column":10,"line":294}}],"type":"if"},"24":{"line":298,"locations":[{"end":{"column":15,"line":298},"start":{"column":15,"line":298}},{"end":{"column":15,"line":298},"start":{"column":15,"line":298}}],"type":"if"},"25":{"line":298,"locations":[{"end":{"column":39,"line":298},"start":{"column":19,"line":298}},{"end":{"column":87,"line":298},"start":{"column":43,"line":298}}],"type":"binary-expr"},"26":{"line":316,"locations":[{"end":{"column":6,"line":316},"start":{"column":6,"line":316}},{"end":{"column":6,"line":316},"start":{"column":6,"line":316}}],"type":"if"},"27":{"line":321,"locations":[{"end":{"column":6,"line":321},"start":{"column":6,"line":321}},{"end":{"column":6,"line":321},"start":{"column":6,"line":321}}],"type":"if"},"28":{"line":321,"locations":[{"end":{"column":15,"line":321},"start":{"column":10,"line":321}},{"end":{"column":42,"line":321},"start":{"column":19,"line":321}},{"end":{"column":52,"line":321},"start":{"column":46,"line":321}}],"type":"binary-expr"},"29":{"line":322,"locations":[{"end":{"column":8,"line":322},"start":{"column":8,"line":322}},{"end":{"column":8,"line":322},"start":{"column":8,"line":322}}],"type":"if"},"30":{"line":325,"locations":[{"end":{"column":15,"line":325},"start":{"column":15,"line":325}},{"end":{"column":15,"line":325},"start":{"column":15,"line":325}}],"type":"if"},"31":{"line":328,"locations":[{"end":{"column":15,"line":328},"start":{"column":15,"line":328}},{"end":{"column":15,"line":328},"start":{"column":15,"line":328}}],"type":"if"},"32":{"line":333,"locations":[{"end":{"column":15,"line":333},"start":{"column":15,"line":333}},{"end":{"column":15,"line":333},"start":{"column":15,"line":333}}],"type":"if"},"33":{"line":333,"locations":[{"end":{"column":39,"line":333},"start":{"column":19,"line":333}},{"end":{"column":65,"line":333},"start":{"column":43,"line":333}}],"type":"binary-expr"},"34":{"line":336,"locations":[{"end":{"column":15,"line":336},"start":{"column":15,"line":336}},{"end":{"column":15,"line":336},"start":{"column":15,"line":336}}],"type":"if"},"35":{"line":340,"locations":[{"end":{"column":46,"line":340},"start":{"column":26,"line":340}},{"end":{"column":68,"line":340},"start":{"column":50,"line":340}}],"type":"binary-expr"},"36":{"line":345,"locations":[{"end":{"column":10,"line":345},"start":{"column":10,"line":345}},{"end":{"column":10,"line":345},"start":{"column":10,"line":345}}],"type":"if"},"37":{"line":351,"locations":[{"end":{"column":10,"line":351},"start":{"column":10,"line":351}},{"end":{"column":10,"line":351},"start":{"column":10,"line":351}}],"type":"if"},"38":{"line":351,"locations":[{"end":{"column":41,"line":351},"start":{"column":14,"line":351}},{"end":{"column":61,"line":351},"start":{"column":45,"line":351}},{"end":{"column":94,"line":351},"start":{"column":65,"line":351}},{"end":{"column":135,"line":351},"start":{"column":98,"line":351}},{"end":{"column":173,"line":351},"start":{"column":139,"line":351}}],"type":"binary-expr"},"39":{"line":356,"locations":[{"end":{"column":53,"line":356},"start":{"column":28,"line":356}},{"end":{"column":73,"line":356},"start":{"column":57,"line":356}}],"type":"binary-expr"},"40":{"line":358,"locations":[{"end":{"column":14,"line":358},"start":{"column":14,"line":358}},{"end":{"column":14,"line":358},"start":{"column":14,"line":358}}],"type":"if"},"41":{"line":362,"locations":[{"end":{"column":80,"line":362},"start":{"column":52,"line":362}},{"end":{"column":87,"line":362},"start":{"column":83,"line":362}}],"type":"cond-expr"},"42":{"line":366,"locations":[{"end":{"column":13,"line":366},"start":{"column":13,"line":366}},{"end":{"column":13,"line":366},"start":{"column":13,"line":366}}],"type":"if"},"43":{"line":366,"locations":[{"end":{"column":22,"line":366},"start":{"column":17,"line":366}},{"end":{"column":50,"line":366},"start":{"column":26,"line":366}},{"end":{"column":93,"line":366},"start":{"column":54,"line":366}}],"type":"binary-expr"},"44":{"line":409,"locations":[{"end":{"column":6,"line":409},"start":{"column":6,"line":409}},{"end":{"column":6,"line":409},"start":{"column":6,"line":409}}],"type":"if"},"45":{"line":435,"locations":[{"end":{"column":8,"line":435},"start":{"column":8,"line":435}},{"end":{"column":8,"line":435},"start":{"column":8,"line":435}}],"type":"if"},"46":{"line":441,"locations":[{"end":{"column":8,"line":441},"start":{"column":8,"line":441}},{"end":{"column":8,"line":441},"start":{"column":8,"line":441}}],"type":"if"},"47":{"line":455,"locations":[{"end":{"column":6,"line":455},"start":{"column":6,"line":455}},{"end":{"column":6,"line":455},"start":{"column":6,"line":455}}],"type":"if"},"48":{"line":465,"locations":[{"end":{"column":6,"line":465},"start":{"column":6,"line":465}},{"end":{"column":6,"line":465},"start":{"column":6,"line":465}}],"type":"if"},"49":{"line":484,"locations":[{"end":{"column":6,"line":484},"start":{"column":6,"line":484}},{"end":{"column":6,"line":484},"start":{"column":6,"line":484}}],"type":"if"},"50":{"line":511,"locations":[{"end":{"column":41,"line":511},"start":{"column":40,"line":511}},{"end":{"column":45,"line":511},"start":{"column":44,"line":511}}],"type":"cond-expr"},"51":{"line":523,"locations":[{"end":{"column":39,"line":523},"start":{"column":38,"line":523}},{"end":{"column":43,"line":523},"start":{"column":42,"line":523}}],"type":"cond-expr"},"52":{"line":524,"locations":[{"end":{"column":6,"line":524},"start":{"column":6,"line":524}},{"end":{"column":6,"line":524},"start":{"column":6,"line":524}}],"type":"if"},"53":{"line":550,"locations":[{"end":{"column":8,"line":550},"start":{"column":8,"line":550}},{"end":{"column":8,"line":550},"start":{"column":8,"line":550}}],"type":"if"},"54":{"line":550,"locations":[{"end":{"column":24,"line":550},"start":{"column":12,"line":550}},{"end":{"column":40,"line":550},"start":{"column":28,"line":550}},{"end":{"column":56,"line":550},"start":{"column":44,"line":550}}],"type":"binary-expr"},"55":{"line":560,"locations":[{"end":{"column":8,"line":560},"start":{"column":8,"line":560}},{"end":{"column":8,"line":560},"start":{"column":8,"line":560}}],"type":"if"},"56":{"line":560,"locations":[{"end":{"column":24,"line":560},"start":{"column":12,"line":560}},{"end":{"column":40,"line":560},"start":{"column":28,"line":560}},{"end":{"column":56,"line":560},"start":{"column":44,"line":560}}],"type":"binary-expr"},"57":{"line":590,"locations":[{"end":{"column":8,"line":590},"start":{"column":8,"line":590}},{"end":{"column":8,"line":590},"start":{"column":8,"line":590}}],"type":"if"},"58":{"line":590,"locations":[{"end":{"column":24,"line":590},"start":{"column":12,"line":590}},{"end":{"column":40,"line":590},"start":{"column":28,"line":590}},{"end":{"column":60,"line":590},"start":{"column":44,"line":590}}],"type":"binary-expr"},"59":{"line":601,"locations":[{"end":{"column":8,"line":601},"start":{"column":8,"line":601}},{"end":{"column":8,"line":601},"start":{"column":8,"line":601}}],"type":"if"},"60":{"line":601,"locations":[{"end":{"column":29,"line":601},"start":{"column":12,"line":601}},{"end":{"column":49,"line":601},"start":{"column":33,"line":601}},{"end":{"column":71,"line":601},"start":{"column":53,"line":601}},{"end":{"column":92,"line":601},"start":{"column":75,"line":601}}],"type":"binary-expr"},"61":{"line":606,"locations":[{"end":{"column":8,"line":606},"start":{"column":8,"line":606}},{"end":{"column":8,"line":606},"start":{"column":8,"line":606}}],"type":"if"},"62":{"line":610,"locations":[{"end":{"column":8,"line":610},"start":{"column":8,"line":610}},{"end":{"column":8,"line":610},"start":{"column":8,"line":610}}],"type":"if"},"63":{"line":610,"locations":[{"end":{"column":15,"line":610},"start":{"column":12,"line":610}},{"end":{"column":24,"line":610},"start":{"column":19,"line":610}}],"type":"binary-expr"},"64":{"line":635,"locations":[{"end":{"column":8,"line":635},"start":{"column":8,"line":635}},{"end":{"column":8,"line":635},"start":{"column":8,"line":635}}],"type":"if"},"65":{"line":659,"locations":[{"end":{"column":46,"line":659},"start":{"column":45,"line":659}},{"end":{"column":52,"line":659},"start":{"column":49,"line":659}}],"type":"cond-expr"},"66":{"line":666,"locations":[{"end":{"column":6,"line":666},"start":{"column":6,"line":666}},{"end":{"column":6,"line":666},"start":{"column":6,"line":666}}],"type":"if"},"67":{"line":671,"locations":[{"end":{"column":6,"line":671},"start":{"column":6,"line":671}},{"end":{"column":6,"line":671},"start":{"column":6,"line":671}}],"type":"if"},"68":{"line":677,"locations":[{"end":{"column":6,"line":677},"start":{"column":6,"line":677}},{"end":{"column":6,"line":677},"start":{"column":6,"line":677}}],"type":"if"},"69":{"line":677,"locations":[{"end":{"column":35,"line":677},"start":{"column":10,"line":677}},{"end":{"column":51,"line":677},"start":{"column":39,"line":677}},{"end":{"column":73,"line":677},"start":{"column":55,"line":677}}],"type":"binary-expr"},"70":{"line":684,"locations":[{"end":{"column":8,"line":684},"start":{"column":8,"line":684}},{"end":{"column":8,"line":684},"start":{"column":8,"line":684}}],"type":"if"},"71":{"line":686,"locations":[{"end":{"column":42,"line":686},"start":{"column":17,"line":686}},{"end":{"column":71,"line":686},"start":{"column":46,"line":686}},{"end":{"column":87,"line":686},"start":{"column":75,"line":686}}],"type":"binary-expr"},"72":{"line":689,"locations":[{"end":{"column":12,"line":689},"start":{"column":12,"line":689}},{"end":{"column":12,"line":689},"start":{"column":12,"line":689}}],"type":"if"},"73":{"line":694,"locations":[{"end":{"column":12,"line":694},"start":{"column":12,"line":694}},{"end":{"column":12,"line":694},"start":{"column":12,"line":694}}],"type":"if"},"74":{"line":717,"locations":[{"end":{"column":6,"line":717},"start":{"column":6,"line":717}},{"end":{"column":6,"line":717},"start":{"column":6,"line":717}}],"type":"if"},"75":{"line":724,"locations":[{"end":{"column":8,"line":724},"start":{"column":8,"line":724}},{"end":{"column":8,"line":724},"start":{"column":8,"line":724}}],"type":"if"},"76":{"line":725,"locations":[{"end":{"column":10,"line":725},"start":{"column":10,"line":725}},{"end":{"column":10,"line":725},"start":{"column":10,"line":725}}],"type":"if"},"77":{"line":743,"locations":[{"end":{"column":6,"line":743},"start":{"column":6,"line":743}},{"end":{"column":6,"line":743},"start":{"column":6,"line":743}}],"type":"if"},"78":{"line":766,"locations":[{"end":{"column":8,"line":766},"start":{"column":8,"line":766}},{"end":{"column":8,"line":766},"start":{"column":8,"line":766}}],"type":"if"},"79":{"line":805,"locations":[{"end":{"column":55,"line":805},"start":{"column":32,"line":805}},{"end":{"column":64,"line":805},"start":{"column":58,"line":805}}],"type":"cond-expr"},"80":{"line":815,"locations":[{"end":{"column":6,"line":815},"start":{"column":6,"line":815}},{"end":{"column":6,"line":815},"start":{"column":6,"line":815}}],"type":"if"},"81":{"line":821,"locations":[{"end":{"column":8,"line":821},"start":{"column":8,"line":821}},{"end":{"column":8,"line":821},"start":{"column":8,"line":821}}],"type":"if"},"82":{"line":826,"locations":[{"end":{"column":10,"line":826},"start":{"column":10,"line":826}},{"end":{"column":10,"line":826},"start":{"column":10,"line":826}}],"type":"if"},"83":{"line":827,"locations":[{"end":{"column":12,"line":827},"start":{"column":12,"line":827}},{"end":{"column":12,"line":827},"start":{"column":12,"line":827}}],"type":"if"},"84":{"line":859,"locations":[{"end":{"column":23,"line":859},"start":{"column":19,"line":859}},{"end":{"column":29,"line":859},"start":{"column":27,"line":859}}],"type":"binary-expr"},"85":{"line":863,"locations":[{"end":{"column":34,"line":863},"start":{"column":19,"line":863}},{"end":{"column":44,"line":863},"start":{"column":38,"line":863}}],"type":"binary-expr"},"86":{"line":864,"locations":[{"end":{"column":38,"line":864},"start":{"column":21,"line":864}},{"end":{"column":46,"line":864},"start":{"column":42,"line":864}}],"type":"binary-expr"},"87":{"line":865,"locations":[{"end":{"column":34,"line":865},"start":{"column":19,"line":865}},{"end":{"column":40,"line":865},"start":{"column":38,"line":865}}],"type":"binary-expr"},"88":{"line":866,"locations":[{"end":{"column":38,"line":866},"start":{"column":21,"line":866}},{"end":{"column":46,"line":866},"start":{"column":42,"line":866}}],"type":"binary-expr"},"89":{"line":867,"locations":[{"end":{"column":36,"line":867},"start":{"column":20,"line":867}},{"end":{"column":42,"line":867},"start":{"column":40,"line":867}}],"type":"binary-expr"},"90":{"line":868,"locations":[{"end":{"column":40,"line":868},"start":{"column":22,"line":868}},{"end":{"column":46,"line":868},"start":{"column":44,"line":868}}],"type":"binary-expr"},"91":{"line":898,"locations":[{"end":{"column":6,"line":898},"start":{"column":6,"line":898}},{"end":{"column":6,"line":898},"start":{"column":6,"line":898}}],"type":"if"},"92":{"line":898,"locations":[{"end":{"column":23,"line":898},"start":{"column":10,"line":898}},{"end":{"column":43,"line":898},"start":{"column":27,"line":898}}],"type":"binary-expr"},"93":{"line":922,"locations":[{"end":{"column":17,"line":922},"start":{"column":13,"line":922}},{"end":{"column":23,"line":922},"start":{"column":21,"line":922}}],"type":"binary-expr"},"94":{"line":934,"locations":[{"end":{"column":6,"line":934},"start":{"column":6,"line":934}},{"end":{"column":6,"line":934},"start":{"column":6,"line":934}}],"type":"if"},"95":{"line":948,"locations":[{"end":{"column":6,"line":948},"start":{"column":6,"line":948}},{"end":{"column":6,"line":948},"start":{"column":6,"line":948}}],"type":"if"},"96":{"line":970,"locations":[{"end":{"column":17,"line":970},"start":{"column":13,"line":970}},{"end":{"column":23,"line":970},"start":{"column":21,"line":970}}],"type":"binary-expr"},"97":{"line":973,"locations":[{"end":{"column":6,"line":973},"start":{"column":6,"line":973}},{"end":{"column":6,"line":973},"start":{"column":6,"line":973}}],"type":"if"},"98":{"line":1007,"locations":[{"end":{"column":6,"line":1007},"start":{"column":6,"line":1007}},{"end":{"column":6,"line":1007},"start":{"column":6,"line":1007}}],"type":"if"},"99":{"line":1015,"locations":[{"end":{"column":42,"line":1015},"start":{"column":23,"line":1015}},{"end":{"column":64,"line":1015},"start":{"column":46,"line":1015}}],"type":"binary-expr"},"100":{"line":1018,"locations":[{"end":{"column":6,"line":1018},"start":{"column":6,"line":1018}},{"end":{"column":6,"line":1018},"start":{"column":6,"line":1018}}],"type":"if"},"101":{"line":1060,"locations":[{"end":{"column":6,"line":1060},"start":{"column":6,"line":1060}},{"end":{"column":6,"line":1060},"start":{"column":6,"line":1060}}],"type":"if"},"102":{"line":1150,"locations":[{"end":{"column":38,"line":1150},"start":{"column":22,"line":1150}},{"end":{"column":44,"line":1150},"start":{"column":42,"line":1150}}],"type":"binary-expr"},"103":{"line":1154,"locations":[{"end":{"column":8,"line":1154},"start":{"column":8,"line":1154}},{"end":{"column":8,"line":1154},"start":{"column":8,"line":1154}}],"type":"if"},"104":{"line":1185,"locations":[{"end":{"column":10,"line":1185},"start":{"column":10,"line":1185}},{"end":{"column":10,"line":1185},"start":{"column":10,"line":1185}}],"type":"if"},"105":{"line":1205,"locations":[{"end":{"column":8,"line":1205},"start":{"column":8,"line":1205}},{"end":{"column":8,"line":1205},"start":{"column":8,"line":1205}}],"type":"if"},"106":{"line":1217,"locations":[{"end":{"column":8,"line":1217},"start":{"column":8,"line":1217}},{"end":{"column":8,"line":1217},"start":{"column":8,"line":1217}}],"type":"if"},"107":{"line":1228,"locations":[{"end":{"column":8,"line":1228},"start":{"column":8,"line":1228}},{"end":{"column":8,"line":1228},"start":{"column":8,"line":1228}}],"type":"if"},"108":{"line":1250,"locations":[{"end":{"column":6,"line":1250},"start":{"column":6,"line":1250}},{"end":{"column":6,"line":1250},"start":{"column":6,"line":1250}}],"type":"if"}},"f":{"1":1,"2":1,"3":21,"4":0,"5":36,"6":75,"7":17,"8":74,"9":17,"10":2,"11":77,"12":2,"13":2,"14":51,"15":48,"16":45,"17":22,"18":58,"19":51,"20":0,"21":58,"22":42,"23":0,"24":19,"25":19,"26":17,"27":1,"28":77,"29":77,"30":77,"31":183,"32":19,"33":41,"34":180,"35":320,"36":39,"37":39,"38":39,"39":35,"40":39,"41":56,"42":19,"43":19,"44":21,"45":26,"46":14,"47":0,"48":1,"49":2,"50":3,"51":1,"52":2,"53":1,"54":1,"55":20,"56":20,"57":20,"58":20,"59":21,"60":1,"61":1,"62":19,"63":15,"64":2,"65":2,"66":0,"67":0,"68":1,"69":1,"70":1,"71":3,"72":1,"73":1,"74":1,"75":1,"76":1,"77":1,"78":1},"fnMap":{"1":{"line":9,"loc":{"end":{"column":25,"line":9},"start":{"column":1,"line":9}},"name":"(anonymous_1)"},"2":{"line":12,"loc":{"end":{"column":19,"line":12},"start":{"column":8,"line":12}},"name":"(anonymous_2)"},"3":{"line":36,"loc":{"end":{"column":29,"line":36},"start":{"column":14,"line":36}},"name":"(anonymous_3)"},"4":{"line":44,"loc":{"end":{"column":31,"line":44},"start":{"column":16,"line":44}},"name":"(anonymous_4)"},"5":{"line":53,"loc":{"end":{"column":39,"line":53},"start":{"column":23,"line":53}},"name":"(anonymous_5)"},"6":{"line":66,"loc":{"end":{"column":38,"line":66},"start":{"column":26,"line":66}},"name":"(anonymous_6)"},"7":{"line":78,"loc":{"end":{"column":38,"line":78},"start":{"column":23,"line":78}},"name":"(anonymous_7)"},"8":{"line":90,"loc":{"end":{"column":56,"line":90},"start":{"column":26,"line":90}},"name":"(anonymous_8)"},"9":{"line":93,"loc":{"end":{"column":69,"line":93},"start":{"column":36,"line":93}},"name":"(anonymous_9)"},"10":{"line":111,"loc":{"end":{"column":39,"line":111},"start":{"column":19,"line":111}},"name":"(anonymous_10)"},"11":{"line":147,"loc":{"end":{"column":68,"line":147},"start":{"column":24,"line":147}},"name":"(anonymous_11)"},"12":{"line":166,"loc":{"end":{"column":76,"line":166},"start":{"column":26,"line":166}},"name":"(anonymous_12)"},"13":{"line":181,"loc":{"end":{"column":96,"line":181},"start":{"column":36,"line":181}},"name":"(anonymous_13)"},"14":{"line":201,"loc":{"end":{"column":48,"line":201},"start":{"column":28,"line":201}},"name":"(anonymous_14)"},"15":{"line":224,"loc":{"end":{"column":24,"line":224},"start":{"column":12,"line":224}},"name":"(anonymous_15)"},"16":{"line":243,"loc":{"end":{"column":61,"line":243},"start":{"column":28,"line":243}},"name":"(anonymous_16)"},"17":{"line":263,"loc":{"end":{"column":57,"line":263},"start":{"column":30,"line":263}},"name":"(anonymous_17)"},"18":{"line":286,"loc":{"end":{"column":66,"line":286},"start":{"column":20,"line":286}},"name":"(anonymous_18)"},"19":{"line":313,"loc":{"end":{"column":56,"line":313},"start":{"column":15,"line":313}},"name":"(anonymous_19)"},"20":{"line":378,"loc":{"end":{"column":42,"line":378},"start":{"column":17,"line":378}},"name":"(anonymous_20)"},"21":{"line":391,"loc":{"end":{"column":41,"line":391},"start":{"column":16,"line":391}},"name":"(anonymous_21)"},"22":{"line":407,"loc":{"end":{"column":45,"line":407},"start":{"column":19,"line":407}},"name":"(anonymous_22)"},"23":{"line":417,"loc":{"end":{"column":27,"line":417},"start":{"column":15,"line":417}},"name":"(anonymous_23)"},"24":{"line":420,"loc":{"end":{"column":31,"line":420},"start":{"column":14,"line":420}},"name":"(anonymous_24)"},"25":{"line":430,"loc":{"end":{"column":36,"line":430},"start":{"column":19,"line":430}},"name":"(anonymous_25)"},"26":{"line":451,"loc":{"end":{"column":35,"line":451},"start":{"column":18,"line":451}},"name":"(anonymous_26)"},"27":{"line":477,"loc":{"end":{"column":38,"line":477},"start":{"column":21,"line":477}},"name":"(anonymous_27)"},"28":{"line":501,"loc":{"end":{"column":34,"line":501},"start":{"column":17,"line":501}},"name":"(anonymous_28)"},"29":{"line":544,"loc":{"end":{"column":38,"line":544},"start":{"column":21,"line":544}},"name":"(anonymous_29)"},"30":{"line":576,"loc":{"end":{"column":41,"line":576},"start":{"column":24,"line":576}},"name":"(anonymous_30)"},"31":{"line":597,"loc":{"end":{"column":73,"line":597},"start":{"column":37,"line":597}},"name":"(anonymous_31)"},"32":{"line":622,"loc":{"end":{"column":34,"line":622},"start":{"column":16,"line":622}},"name":"(anonymous_32)"},"33":{"line":643,"loc":{"end":{"column":59,"line":643},"start":{"column":26,"line":643}},"name":"(anonymous_33)"},"34":{"line":651,"loc":{"end":{"column":32,"line":651},"start":{"column":15,"line":651}},"name":"(anonymous_34)"},"35":{"line":658,"loc":{"end":{"column":37,"line":658},"start":{"column":22,"line":658}},"name":"(anonymous_35)"},"36":{"line":714,"loc":{"end":{"column":41,"line":714},"start":{"column":24,"line":714}},"name":"(anonymous_36)"},"37":{"line":742,"loc":{"end":{"column":54,"line":742},"start":{"column":33,"line":742}},"name":"(anonymous_37)"},"38":{"line":762,"loc":{"end":{"column":39,"line":762},"start":{"column":23,"line":762}},"name":"(anonymous_38)"},"39":{"line":783,"loc":{"end":{"column":39,"line":783},"start":{"column":24,"line":783}},"name":"(anonymous_39)"},"40":{"line":801,"loc":{"end":{"column":48,"line":801},"start":{"column":21,"line":801}},"name":"(anonymous_40)"},"41":{"line":812,"loc":{"end":{"column":35,"line":812},"start":{"column":21,"line":812}},"name":"(anonymous_41)"},"42":{"line":837,"loc":{"end":{"column":34,"line":837},"start":{"column":19,"line":837}},"name":"(anonymous_42)"},"43":{"line":851,"loc":{"end":{"column":38,"line":851},"start":{"column":18,"line":851}},"name":"(anonymous_43)"},"44":{"line":857,"loc":{"end":{"column":24,"line":857},"start":{"column":4,"line":857}},"name":"Moon"},"45":{"line":886,"loc":{"end":{"column":40,"line":886},"start":{"column":25,"line":886}},"name":"(anonymous_45)"},"46":{"line":895,"loc":{"end":{"column":45,"line":895},"start":{"column":25,"line":895}},"name":"(anonymous_46)"},"47":{"line":900,"loc":{"end":{"column":31,"line":900},"start":{"column":19,"line":900}},"name":"(anonymous_47)"},"48":{"line":911,"loc":{"end":{"column":41,"line":911},"start":{"column":29,"line":911}},"name":"(anonymous_48)"},"49":{"line":921,"loc":{"end":{"column":56,"line":921},"start":{"column":32,"line":921}},"name":"(anonymous_49)"},"50":{"line":933,"loc":{"end":{"column":53,"line":933},"start":{"column":24,"line":933}},"name":"(anonymous_50)"},"51":{"line":946,"loc":{"end":{"column":54,"line":946},"start":{"column":25,"line":946}},"name":"(anonymous_51)"},"52":{"line":958,"loc":{"end":{"column":46,"line":958},"start":{"column":34,"line":958}},"name":"(anonymous_52)"},"53":{"line":969,"loc":{"end":{"column":53,"line":969},"start":{"column":26,"line":969}},"name":"(anonymous_53)"},"54":{"line":991,"loc":{"end":{"column":53,"line":991},"start":{"column":32,"line":991}},"name":"(anonymous_54)"},"55":{"line":1003,"loc":{"end":{"column":41,"line":1003},"start":{"column":27,"line":1003}},"name":"(anonymous_55)"},"56":{"line":1031,"loc":{"end":{"column":40,"line":1031},"start":{"column":28,"line":1031}},"name":"(anonymous_56)"},"57":{"line":1040,"loc":{"end":{"column":58,"line":1040},"start":{"column":27,"line":1040}},"name":"(anonymous_57)"},"58":{"line":1048,"loc":{"end":{"column":39,"line":1048},"start":{"column":27,"line":1048}},"name":"(anonymous_58)"},"59":{"line":1056,"loc":{"end":{"column":38,"line":1056},"start":{"column":26,"line":1056}},"name":"(anonymous_59)"},"60":{"line":1073,"loc":{"end":{"column":36,"line":1073},"start":{"column":16,"line":1073}},"name":"(anonymous_60)"},"61":{"line":1100,"loc":{"end":{"column":33,"line":1100},"start":{"column":15,"line":1100}},"name":"(anonymous_61)"},"62":{"line":1109,"loc":{"end":{"column":39,"line":1109},"start":{"column":19,"line":1109}},"name":"(anonymous_62)"},"63":{"line":1117,"loc":{"end":{"column":36,"line":1117},"start":{"column":20,"line":1117}},"name":"(anonymous_63)"},"64":{"line":1126,"loc":{"end":{"column":45,"line":1126},"start":{"column":21,"line":1126}},"name":"(anonymous_64)"},"65":{"line":1135,"loc":{"end":{"column":43,"line":1135},"start":{"column":21,"line":1135}},"name":"(anonymous_65)"},"66":{"line":1140,"loc":{"end":{"column":31,"line":1140},"start":{"column":6,"line":1140}},"name":"MoonComponent"},"67":{"line":1147,"loc":{"end":{"column":49,"line":1147},"start":{"column":37,"line":1147}},"name":"(anonymous_67)"},"68":{"line":1170,"loc":{"end":{"column":51,"line":1170},"start":{"column":21,"line":1170}},"name":"(anonymous_68)"},"69":{"line":1176,"loc":{"end":{"column":51,"line":1176},"start":{"column":21,"line":1176}},"name":"(anonymous_69)"},"70":{"line":1184,"loc":{"end":{"column":76,"line":1184},"start":{"column":52,"line":1184}},"name":"(anonymous_70)"},"71":{"line":1195,"loc":{"end":{"column":46,"line":1195},"start":{"column":22,"line":1195}},"name":"(anonymous_71)"},"72":{"line":1226,"loc":{"end":{"column":46,"line":1226},"start":{"column":22,"line":1226}},"name":"(anonymous_72)"},"73":{"line":1237,"loc":{"end":{"column":46,"line":1237},"start":{"column":22,"line":1237}},"name":"(anonymous_73)"},"74":{"line":1243,"loc":{"end":{"column":46,"line":1243},"start":{"column":22,"line":1243}},"name":"(anonymous_74)"},"75":{"line":1248,"loc":{"end":{"column":72,"line":1248},"start":{"column":46,"line":1248}},"name":"(anonymous_75)"},"76":{"line":1257,"loc":{"end":{"column":72,"line":1257},"start":{"column":46,"line":1257}},"name":"(anonymous_76)"},"77":{"line":1262,"loc":{"end":{"column":72,"line":1262},"start":{"column":46,"line":1262}},"name":"(anonymous_77)"},"78":{"line":1269,"loc":{"end":{"column":72,"line":1269},"start":{"column":46,"line":1269}},"name":"(anonymous_78)"}},"path":"/Users/gshah/KabirProjects/moon/dist/moon.js","s":{"1":1,"2":1,"3":1,"4":1,"5":1,"6":1,"7":1,"8":1,"9":21,"10":0,"11":1,"12":0,"13":1,"14":36,"15":36,"16":50,"17":36,"18":36,"19":1,"20":75,"21":1,"22":17,"23":17,"24":17,"25":1,"26":74,"27":74,"28":74,"29":17,"30":17,"31":17,"32":16,"33":1,"34":74,"35":1,"36":2,"37":2,"38":0,"39":2,"40":2,"41":3,"42":3,"43":1,"44":1,"45":0,"46":1,"47":2,"48":2,"49":1,"50":77,"51":1,"52":2,"53":2,"54":1,"55":2,"56":2,"57":1,"58":1,"59":1,"60":2,"61":1,"62":51,"63":51,"64":62,"65":62,"66":3,"67":59,"68":31,"69":28,"70":51,"71":1,"72":48,"73":48,"74":48,"75":48,"76":48,"77":48,"78":2,"79":46,"80":1,"81":45,"82":45,"83":4,"84":4,"85":4,"86":0,"87":4,"88":1,"89":22,"90":22,"91":13,"92":9,"93":9,"94":10,"95":9,"96":22,"97":22,"98":1,"99":58,"100":58,"101":56,"102":17,"103":6,"104":17,"105":39,"106":2,"107":1,"108":51,"109":51,"110":41,"111":51,"112":48,"113":9,"114":39,"115":0,"116":39,"117":3,"118":3,"119":3,"120":36,"121":0,"122":36,"123":36,"124":36,"125":36,"126":36,"127":36,"128":36,"129":14,"130":22,"131":31,"132":31,"133":3,"134":31,"135":3,"136":1,"137":1,"138":0,"139":0,"140":0,"141":1,"142":58,"143":58,"144":50,"145":58,"146":56,"147":58,"148":1,"149":42,"150":42,"151":0,"152":1,"153":1,"154":19,"155":19,"156":19,"157":1,"158":19,"159":19,"160":19,"161":95,"162":17,"163":17,"164":78,"165":1,"166":1,"167":77,"168":1,"169":17,"170":17,"171":17,"172":0,"173":0,"174":0,"175":17,"176":0,"177":17,"178":17,"179":1,"180":1,"181":1,"182":1,"183":1,"184":1,"185":0,"186":0,"187":0,"188":1,"189":1,"190":1,"191":77,"192":77,"193":77,"194":77,"195":77,"196":77,"197":77,"198":77,"199":77,"200":77,"201":77,"202":0,"203":0,"204":0,"205":0,"206":1,"207":77,"208":77,"209":77,"210":77,"211":77,"212":77,"213":0,"214":77,"215":77,"216":77,"217":392,"218":392,"219":77,"220":315,"221":77,"222":77,"223":77,"224":77,"225":1,"226":77,"227":77,"228":77,"229":77,"230":77,"231":77,"232":77,"233":961,"234":961,"235":961,"236":77,"237":884,"238":884,"239":77,"240":183,"241":183,"242":183,"243":53,"244":183,"245":134,"246":183,"247":53,"248":77,"249":77,"250":1,"251":19,"252":19,"253":19,"254":81,"255":81,"256":21,"257":19,"258":1,"259":41,"260":1,"261":180,"262":180,"263":180,"264":180,"265":180,"266":180,"267":320,"268":320,"269":320,"270":320,"271":320,"272":180,"273":18,"274":18,"275":162,"276":1,"277":1,"278":161,"279":41,"280":41,"281":41,"282":41,"283":41,"284":41,"285":99,"286":99,"287":38,"288":99,"289":99,"290":1,"291":1,"292":41,"293":41,"294":120,"295":120,"296":1,"297":39,"298":39,"299":1,"300":38,"301":38,"302":53,"303":8,"304":6,"305":53,"306":38,"307":38,"308":1,"309":39,"310":35,"311":4,"312":4,"313":4,"314":4,"315":4,"316":1,"317":39,"318":39,"319":117,"320":39,"321":78,"322":39,"323":39,"324":1,"325":35,"326":35,"327":41,"328":35,"329":35,"330":1,"331":39,"332":39,"333":39,"334":39,"335":39,"336":39,"337":1,"338":56,"339":56,"340":17,"341":39,"342":39,"343":39,"344":39,"345":39,"346":53,"347":8,"348":2,"349":39,"350":56,"351":1,"352":19,"353":19,"354":19,"355":19,"356":0,"357":0,"358":1,"359":19,"360":19,"361":19,"362":1,"363":21,"364":21,"365":21,"366":21,"367":21,"368":21,"369":21,"370":21,"371":21,"372":21,"373":21,"374":21,"375":21,"376":21,"377":1,"378":26,"379":1,"380":14,"381":14,"382":14,"383":11,"384":11,"385":0,"386":0,"387":0,"388":1,"389":1,"390":1,"391":1,"392":1,"393":2,"394":2,"395":1,"396":3,"397":1,"398":2,"399":1,"400":1,"401":1,"402":1,"403":1,"404":2,"405":2,"406":1,"407":1,"408":1,"409":1,"410":1,"411":1,"412":1,"413":1,"414":2,"415":2,"416":1,"417":1,"418":1,"419":5,"420":1,"421":1,"422":20,"423":20,"424":20,"425":0,"426":20,"427":20,"428":20,"429":19,"430":20,"431":20,"432":1,"433":20,"434":1,"435":20,"436":20,"437":1,"438":20,"439":20,"440":1,"441":21,"442":21,"443":21,"444":20,"445":1,"446":1,"447":1,"448":1,"449":1,"450":1,"451":1,"452":1,"453":19,"454":1,"455":15,"456":1,"457":2,"458":1,"459":2,"460":2,"461":2,"462":1,"463":0,"464":2,"465":2,"466":2,"467":0,"468":0,"469":0,"470":0,"471":0,"472":0,"473":2,"474":2,"475":1,"476":1,"477":1,"478":1,"479":1,"480":1,"481":1,"482":1,"483":1,"484":1,"485":1,"486":1,"487":3,"488":3,"489":3,"490":3,"491":3,"492":3,"493":3,"494":3,"495":0,"496":3,"497":3,"498":3,"499":2,"500":3,"501":3,"502":3,"503":0,"504":1,"505":1,"506":1,"507":1,"508":0,"509":1,"510":1,"511":1,"512":1,"513":1,"514":1,"515":1,"516":0,"517":1,"518":1,"519":1,"520":1,"521":1,"522":1,"523":1,"524":1,"525":1,"526":1},"statementMap":{"1":{"end":{"column":4,"line":1271},"start":{"column":0,"line":9}},"2":{"end":{"column":102,"line":11},"start":{"column":2,"line":11}},"3":{"end":{"column":24,"line":17},"start":{"column":4,"line":17}},"4":{"end":{"column":31,"line":18},"start":{"column":4,"line":18}},"5":{"end":{"column":24,"line":19},"start":{"column":4,"line":19}},"6":{"end":{"column":6,"line":27},"start":{"column":4,"line":20}},"7":{"end":{"column":15,"line":28},"start":{"column":4,"line":28}},"8":{"end":{"column":6,"line":38},"start":{"column":4,"line":36}},"9":{"end":{"column":48,"line":37},"start":{"column":6,"line":37}},"10":{"end":{"column":48,"line":37},"start":{"column":31,"line":37}},"11":{"end":{"column":6,"line":46},"start":{"column":4,"line":44}},"12":{"end":{"column":42,"line":45},"start":{"column":6,"line":45}},"13":{"end":{"column":6,"line":60},"start":{"column":4,"line":53}},"14":{"end":{"column":21,"line":54},"start":{"column":6,"line":54}},"15":{"end":{"column":7,"line":57},"start":{"column":6,"line":55}},"16":{"end":{"column":52,"line":56},"start":{"column":8,"line":56}},"17":{"end":{"column":35,"line":58},"start":{"column":6,"line":58}},"18":{"end":{"column":19,"line":59},"start":{"column":6,"line":59}},"19":{"end":{"column":6,"line":72},"start":{"column":4,"line":66}},"20":{"end":{"column":8,"line":71},"start":{"column":6,"line":67}},"21":{"end":{"column":6,"line":82},"start":{"column":4,"line":78}},"22":{"end":{"column":29,"line":79},"start":{"column":6,"line":79}},"23":{"end":{"column":33,"line":80},"start":{"column":6,"line":80}},"24":{"end":{"column":77,"line":81},"start":{"column":6,"line":81}},"25":{"end":{"column":6,"line":104},"start":{"column":4,"line":90}},"26":{"end":{"column":71,"line":91},"start":{"column":6,"line":91}},"27":{"end":{"column":30,"line":92},"start":{"column":6,"line":92}},"28":{"end":{"column":9,"line":102},"start":{"column":6,"line":93}},"29":{"end":{"column":9,"line":96},"start":{"column":8,"line":94}},"30":{"end":{"column":25,"line":95},"start":{"column":10,"line":95}},"31":{"end":{"column":9,"line":101},"start":{"column":8,"line":97}},"32":{"end":{"column":101,"line":98},"start":{"column":10,"line":98}},"33":{"end":{"column":88,"line":100},"start":{"column":10,"line":100}},"34":{"end":{"column":22,"line":103},"start":{"column":6,"line":103}},"35":{"end":{"column":6,"line":136},"start":{"column":4,"line":111}},"36":{"end":{"column":21,"line":112},"start":{"column":6,"line":112}},"37":{"end":{"column":7,"line":117},"start":{"column":6,"line":115}},"38":{"end":{"column":21,"line":116},"start":{"column":8,"line":116}},"39":{"end":{"column":25,"line":119},"start":{"column":6,"line":119}},"40":{"end":{"column":7,"line":133},"start":{"column":6,"line":121}},"41":{"end":{"column":32,"line":122},"start":{"column":8,"line":122}},"42":{"end":{"column":9,"line":132},"start":{"column":8,"line":123}},"43":{"end":{"column":11,"line":128},"start":{"column":10,"line":124}},"44":{"end":{"column":46,"line":125},"start":{"column":12,"line":125}},"45":{"end":{"column":48,"line":127},"start":{"column":12,"line":127}},"46":{"end":{"column":34,"line":129},"start":{"column":10,"line":129}},"47":{"end":{"column":36,"line":131},"start":{"column":10,"line":131}},"48":{"end":{"column":19,"line":135},"start":{"column":6,"line":135}},"49":{"end":{"column":6,"line":155},"start":{"column":4,"line":147}},"50":{"end":{"column":8,"line":154},"start":{"column":6,"line":148}},"51":{"end":{"column":6,"line":170},"start":{"column":4,"line":166}},"52":{"end":{"column":7,"line":169},"start":{"column":6,"line":167}},"53":{"end":{"column":81,"line":168},"start":{"column":8,"line":168}},"54":{"end":{"column":6,"line":194},"start":{"column":4,"line":181}},"55":{"end":{"column":53,"line":182},"start":{"column":6,"line":182}},"56":{"end":{"column":7,"line":189},"start":{"column":6,"line":184}},"57":{"end":{"column":9,"line":188},"start":{"column":8,"line":185}},"58":{"end":{"column":55,"line":186},"start":{"column":10,"line":186}},"59":{"end":{"column":35,"line":187},"start":{"column":10,"line":187}},"60":{"end":{"column":9,"line":193},"start":{"column":6,"line":190}},"61":{"end":{"column":6,"line":214},"start":{"column":4,"line":201}},"62":{"end":{"column":34,"line":202},"start":{"column":6,"line":202}},"63":{"end":{"column":7,"line":212},"start":{"column":6,"line":203}},"64":{"end":{"column":32,"line":204},"start":{"column":8,"line":204}},"65":{"end":{"column":9,"line":211},"start":{"column":8,"line":205}},"66":{"end":{"column":83,"line":206},"start":{"column":10,"line":206}},"67":{"end":{"column":9,"line":211},"start":{"column":15,"line":207}},"68":{"end":{"column":98,"line":208},"start":{"column":10,"line":208}},"69":{"end":{"column":41,"line":210},"start":{"column":10,"line":210}},"70":{"end":{"column":32,"line":213},"start":{"column":6,"line":213}},"71":{"end":{"column":6,"line":235},"start":{"column":4,"line":224}},"72":{"end":{"column":55,"line":225},"start":{"column":6,"line":225}},"73":{"end":{"column":29,"line":226},"start":{"column":6,"line":226}},"74":{"end":{"column":37,"line":227},"start":{"column":6,"line":227}},"75":{"end":{"column":30,"line":228},"start":{"column":6,"line":228}},"76":{"end":{"column":45,"line":229},"start":{"column":6,"line":229}},"77":{"end":{"column":7,"line":233},"start":{"column":6,"line":231}},"78":{"end":{"column":76,"line":232},"start":{"column":8,"line":232}},"79":{"end":{"column":74,"line":234},"start":{"column":6,"line":234}},"80":{"end":{"column":6,"line":255},"start":{"column":4,"line":243}},"81":{"end":{"column":53,"line":244},"start":{"column":6,"line":244}},"82":{"end":{"column":7,"line":254},"start":{"column":6,"line":245}},"83":{"end":{"column":9,"line":253},"start":{"column":8,"line":246}},"84":{"end":{"column":47,"line":247},"start":{"column":10,"line":247}},"85":{"end":{"column":11,"line":252},"start":{"column":10,"line":248}},"86":{"end":{"column":38,"line":249},"start":{"column":12,"line":249}},"87":{"end":{"column":48,"line":251},"start":{"column":12,"line":251}},"88":{"end":{"column":6,"line":277},"start":{"column":4,"line":263}},"89":{"end":{"column":13,"line":264},"start":{"column":6,"line":264}},"90":{"end":{"column":7,"line":274},"start":{"column":6,"line":266}},"91":{"end":{"column":48,"line":267},"start":{"column":8,"line":267}},"92":{"end":{"column":48,"line":269},"start":{"column":8,"line":269}},"93":{"end":{"column":9,"line":272},"start":{"column":8,"line":270}},"94":{"end":{"column":75,"line":271},"start":{"column":10,"line":271}},"95":{"end":{"column":47,"line":273},"start":{"column":8,"line":273}},"96":{"end":{"column":44,"line":275},"start":{"column":6,"line":275}},"97":{"end":{"column":16,"line":276},"start":{"column":6,"line":276}},"98":{"end":{"column":6,"line":303},"start":{"column":4,"line":286}},"99":{"end":{"column":50,"line":288},"start":{"column":6,"line":288}},"100":{"end":{"column":7,"line":302},"start":{"column":6,"line":290}},"101":{"end":{"column":9,"line":301},"start":{"column":8,"line":292}},"102":{"end":{"column":11,"line":296},"start":{"column":10,"line":294}},"103":{"end":{"column":66,"line":295},"start":{"column":12,"line":295}},"104":{"end":{"column":41,"line":297},"start":{"column":10,"line":297}},"105":{"end":{"column":9,"line":301},"start":{"column":15,"line":298}},"106":{"end":{"column":60,"line":300},"start":{"column":10,"line":300}},"107":{"end":{"column":6,"line":370},"start":{"column":4,"line":313}},"108":{"end":{"column":19,"line":314},"start":{"column":6,"line":314}},"109":{"end":{"column":7,"line":318},"start":{"column":6,"line":316}},"110":{"end":{"column":47,"line":317},"start":{"column":8,"line":317}},"111":{"end":{"column":7,"line":369},"start":{"column":6,"line":321}},"112":{"end":{"column":9,"line":365},"start":{"column":8,"line":322}},"113":{"end":{"column":67,"line":324},"start":{"column":10,"line":324}},"114":{"end":{"column":9,"line":365},"start":{"column":15,"line":325}},"115":{"end":{"column":35,"line":327},"start":{"column":10,"line":327}},"116":{"end":{"column":9,"line":365},"start":{"column":15,"line":328}},"117":{"end":{"column":61,"line":330},"start":{"column":10,"line":330}},"118":{"end":{"column":45,"line":331},"start":{"column":10,"line":331}},"119":{"end":{"column":25,"line":332},"start":{"column":10,"line":332}},"120":{"end":{"column":9,"line":365},"start":{"column":15,"line":333}},"121":{"end":{"column":39,"line":335},"start":{"column":10,"line":335}},"122":{"end":{"column":9,"line":365},"start":{"column":15,"line":336}},"123":{"end":{"column":69,"line":340},"start":{"column":10,"line":340}},"124":{"end":{"column":57,"line":342},"start":{"column":10,"line":342}},"125":{"end":{"column":11,"line":347},"start":{"column":10,"line":345}},"126":{"end":{"column":53,"line":346},"start":{"column":12,"line":346}},"127":{"end":{"column":49,"line":350},"start":{"column":10,"line":350}},"128":{"end":{"column":11,"line":364},"start":{"column":10,"line":351}},"129":{"end":{"column":64,"line":354},"start":{"column":12,"line":354}},"130":{"end":{"column":13,"line":363},"start":{"column":12,"line":356}},"131":{"end":{"column":91,"line":357},"start":{"column":14,"line":357}},"132":{"end":{"column":15,"line":361},"start":{"column":14,"line":358}},"133":{"end":{"column":48,"line":360},"start":{"column":16,"line":360}},"134":{"end":{"column":88,"line":362},"start":{"column":14,"line":362}},"135":{"end":{"column":7,"line":369},"start":{"column":13,"line":366}},"136":{"end":{"column":57,"line":368},"start":{"column":8,"line":368}},"137":{"end":{"column":6,"line":383},"start":{"column":4,"line":378}},"138":{"end":{"column":7,"line":381},"start":{"column":6,"line":379}},"139":{"end":{"column":33,"line":380},"start":{"column":8,"line":380}},"140":{"end":{"column":20,"line":382},"start":{"column":6,"line":382}},"141":{"end":{"column":6,"line":400},"start":{"column":4,"line":391}},"142":{"end":{"column":22,"line":392},"start":{"column":6,"line":392}},"143":{"end":{"column":7,"line":395},"start":{"column":6,"line":393}},"144":{"end":{"column":34,"line":394},"start":{"column":8,"line":394}},"145":{"end":{"column":7,"line":398},"start":{"column":6,"line":396}},"146":{"end":{"column":33,"line":397},"start":{"column":8,"line":397}},"147":{"end":{"column":20,"line":399},"start":{"column":6,"line":399}},"148":{"end":{"column":6,"line":412},"start":{"column":4,"line":407}},"149":{"end":{"column":39,"line":408},"start":{"column":6,"line":408}},"150":{"end":{"column":7,"line":411},"start":{"column":6,"line":409}},"151":{"end":{"column":15,"line":410},"start":{"column":8,"line":410}},"152":{"end":{"column":30,"line":417},"start":{"column":4,"line":417}},"153":{"end":{"column":6,"line":428},"start":{"column":4,"line":420}},"154":{"end":{"column":8,"line":425},"start":{"column":6,"line":421}},"155":{"end":{"column":22,"line":426},"start":{"column":6,"line":426}},"156":{"end":{"column":26,"line":427},"start":{"column":6,"line":427}},"157":{"end":{"column":6,"line":449},"start":{"column":4,"line":430}},"158":{"end":{"column":30,"line":431},"start":{"column":6,"line":431}},"159":{"end":{"column":29,"line":432},"start":{"column":6,"line":432}},"160":{"end":{"column":7,"line":448},"start":{"column":6,"line":433}},"161":{"end":{"column":9,"line":438},"start":{"column":8,"line":435}},"162":{"end":{"column":25,"line":436},"start":{"column":10,"line":436}},"163":{"end":{"column":19,"line":437},"start":{"column":10,"line":437}},"164":{"end":{"column":9,"line":444},"start":{"column":8,"line":441}},"165":{"end":{"column":28,"line":442},"start":{"column":10,"line":442}},"166":{"end":{"column":19,"line":443},"start":{"column":10,"line":443}},"167":{"end":{"column":22,"line":447},"start":{"column":8,"line":447}},"168":{"end":{"column":6,"line":475},"start":{"column":4,"line":451}},"169":{"end":{"column":30,"line":452},"start":{"column":6,"line":452}},"170":{"end":{"column":56,"line":453},"start":{"column":6,"line":453}},"171":{"end":{"column":7,"line":462},"start":{"column":6,"line":455}},"172":{"end":{"column":11,"line":459},"start":{"column":8,"line":456}},"173":{"end":{"column":28,"line":460},"start":{"column":8,"line":460}},"174":{"end":{"column":15,"line":461},"start":{"column":8,"line":461}},"175":{"end":{"column":7,"line":467},"start":{"column":6,"line":465}},"176":{"end":{"column":15,"line":466},"start":{"column":8,"line":466}},"177":{"end":{"column":9,"line":473},"start":{"column":6,"line":470}},"178":{"end":{"column":32,"line":474},"start":{"column":6,"line":474}},"179":{"end":{"column":6,"line":499},"start":{"column":4,"line":477}},"180":{"end":{"column":30,"line":478},"start":{"column":6,"line":478}},"181":{"end":{"column":29,"line":479},"start":{"column":6,"line":479}},"182":{"end":{"column":25,"line":480},"start":{"column":6,"line":480}},"183":{"end":{"column":61,"line":481},"start":{"column":6,"line":481}},"184":{"end":{"column":7,"line":491},"start":{"column":6,"line":484}},"185":{"end":{"column":11,"line":488},"start":{"column":8,"line":485}},"186":{"end":{"column":28,"line":489},"start":{"column":8,"line":489}},"187":{"end":{"column":15,"line":490},"start":{"column":8,"line":490}},"188":{"end":{"column":9,"line":497},"start":{"column":6,"line":494}},"189":{"end":{"column":39,"line":498},"start":{"column":6,"line":498}},"190":{"end":{"column":6,"line":542},"start":{"column":4,"line":501}},"191":{"end":{"column":30,"line":502},"start":{"column":6,"line":502}},"192":{"end":{"column":29,"line":503},"start":{"column":6,"line":503}},"193":{"end":{"column":67,"line":506},"start":{"column":6,"line":506}},"194":{"end":{"column":9,"line":510},"start":{"column":6,"line":507}},"195":{"end":{"column":46,"line":511},"start":{"column":6,"line":511}},"196":{"end":{"column":38,"line":514},"start":{"column":6,"line":514}},"197":{"end":{"column":27,"line":515},"start":{"column":6,"line":515}},"198":{"end":{"column":61,"line":518},"start":{"column":6,"line":518}},"199":{"end":{"column":9,"line":522},"start":{"column":6,"line":519}},"200":{"end":{"column":44,"line":523},"start":{"column":6,"line":523}},"201":{"end":{"column":7,"line":541},"start":{"column":6,"line":524}},"202":{"end":{"column":11,"line":528},"start":{"column":8,"line":525}},"203":{"end":{"column":11,"line":532},"start":{"column":8,"line":529}},"204":{"end":{"column":11,"line":536},"start":{"column":8,"line":533}},"205":{"end":{"column":11,"line":540},"start":{"column":8,"line":537}},"206":{"end":{"column":6,"line":574},"start":{"column":4,"line":544}},"207":{"end":{"column":30,"line":545},"start":{"column":6,"line":545}},"208":{"end":{"column":29,"line":546},"start":{"column":6,"line":546}},"209":{"end":{"column":32,"line":547},"start":{"column":6,"line":547}},"210":{"end":{"column":7,"line":555},"start":{"column":6,"line":548}},"211":{"end":{"column":39,"line":549},"start":{"column":8,"line":549}},"212":{"end":{"column":9,"line":554},"start":{"column":8,"line":550}},"213":{"end":{"column":18,"line":551},"start":{"column":10,"line":551}},"214":{"end":{"column":16,"line":553},"start":{"column":10,"line":553}},"215":{"end":{"column":22,"line":557},"start":{"column":6,"line":557}},"216":{"end":{"column":7,"line":565},"start":{"column":6,"line":558}},"217":{"end":{"column":37,"line":559},"start":{"column":8,"line":559}},"218":{"end":{"column":9,"line":564},"start":{"column":8,"line":560}},"219":{"end":{"column":16,"line":561},"start":{"column":10,"line":561}},"220":{"end":{"column":16,"line":563},"start":{"column":10,"line":563}},"221":{"end":{"column":44,"line":567},"start":{"column":6,"line":567}},"222":{"end":{"column":9,"line":571},"start":{"column":6,"line":568}},"223":{"end":{"column":26,"line":572},"start":{"column":6,"line":572}},"224":{"end":{"column":21,"line":573},"start":{"column":6,"line":573}},"225":{"end":{"column":6,"line":620},"start":{"column":4,"line":576}},"226":{"end":{"column":30,"line":577},"start":{"column":6,"line":577}},"227":{"end":{"column":29,"line":578},"start":{"column":6,"line":578}},"228":{"end":{"column":30,"line":579},"start":{"column":6,"line":579}},"229":{"end":{"column":21,"line":581},"start":{"column":6,"line":581}},"230":{"end":{"column":24,"line":582},"start":{"column":6,"line":582}},"231":{"end":{"column":60,"line":585},"start":{"column":6,"line":585}},"232":{"end":{"column":7,"line":595},"start":{"column":6,"line":587}},"233":{"end":{"column":37,"line":588},"start":{"column":8,"line":588}},"234":{"end":{"column":45,"line":589},"start":{"column":8,"line":589}},"235":{"end":{"column":9,"line":592},"start":{"column":8,"line":590}},"236":{"end":{"column":16,"line":591},"start":{"column":10,"line":591}},"237":{"end":{"column":25,"line":593},"start":{"column":8,"line":593}},"238":{"end":{"column":14,"line":594},"start":{"column":8,"line":594}},"239":{"end":{"column":9,"line":613},"start":{"column":6,"line":597}},"240":{"end":{"column":33,"line":598},"start":{"column":8,"line":598}},"241":{"end":{"column":47,"line":599},"start":{"column":8,"line":599}},"242":{"end":{"column":9,"line":603},"start":{"column":8,"line":601}},"243":{"end":{"column":37,"line":602},"start":{"column":10,"line":602}},"244":{"end":{"column":9,"line":608},"start":{"column":8,"line":606}},"245":{"end":{"column":22,"line":607},"start":{"column":10,"line":607}},"246":{"end":{"column":9,"line":612},"start":{"column":8,"line":610}},"247":{"end":{"column":29,"line":611},"start":{"column":10,"line":611}},"248":{"end":{"column":26,"line":615},"start":{"column":6,"line":615}},"249":{"end":{"column":9,"line":619},"start":{"column":6,"line":616}},"250":{"end":{"column":6,"line":641},"start":{"column":4,"line":622}},"251":{"end":{"column":8,"line":626},"start":{"column":6,"line":623}},"252":{"end":{"column":8,"line":631},"start":{"column":6,"line":628}},"253":{"end":{"column":7,"line":638},"start":{"column":6,"line":633}},"254":{"end":{"column":32,"line":634},"start":{"column":8,"line":634}},"255":{"end":{"column":9,"line":637},"start":{"column":8,"line":635}},"256":{"end":{"column":36,"line":636},"start":{"column":10,"line":636}},"257":{"end":{"column":18,"line":640},"start":{"column":6,"line":640}},"258":{"end":{"column":6,"line":649},"start":{"column":4,"line":643}},"259":{"end":{"column":8,"line":648},"start":{"column":6,"line":644}},"260":{"end":{"column":6,"line":707},"start":{"column":4,"line":651}},"261":{"end":{"column":46,"line":652},"start":{"column":6,"line":652}},"262":{"end":{"column":58,"line":653},"start":{"column":6,"line":653}},"263":{"end":{"column":56,"line":654},"start":{"column":6,"line":654}},"264":{"end":{"column":55,"line":655},"start":{"column":6,"line":655}},"265":{"end":{"column":56,"line":656},"start":{"column":6,"line":656}},"266":{"end":{"column":8,"line":664},"start":{"column":6,"line":658}},"267":{"end":{"column":53,"line":659},"start":{"column":8,"line":659}},"268":{"end":{"column":44,"line":660},"start":{"column":8,"line":660}},"269":{"end":{"column":56,"line":661},"start":{"column":8,"line":661}},"270":{"end":{"column":54,"line":662},"start":{"column":8,"line":662}},"271":{"end":{"column":53,"line":663},"start":{"column":8,"line":663}},"272":{"end":{"column":7,"line":669},"start":{"column":6,"line":666}},"273":{"end":{"column":20,"line":667},"start":{"column":8,"line":667}},"274":{"end":{"column":35,"line":668},"start":{"column":8,"line":668}},"275":{"end":{"column":7,"line":674},"start":{"column":6,"line":671}},"276":{"end":{"column":20,"line":672},"start":{"column":8,"line":672}},"277":{"end":{"column":15,"line":673},"start":{"column":8,"line":673}},"278":{"end":{"column":7,"line":703},"start":{"column":6,"line":677}},"279":{"end":{"column":76,"line":678},"start":{"column":8,"line":678}},"280":{"end":{"column":40,"line":679},"start":{"column":8,"line":679}},"281":{"end":{"column":21,"line":681},"start":{"column":8,"line":681}},"282":{"end":{"column":46,"line":682},"start":{"column":8,"line":682}},"283":{"end":{"column":9,"line":700},"start":{"column":8,"line":684}},"284":{"end":{"column":11,"line":698},"start":{"column":10,"line":686}},"285":{"end":{"column":47,"line":688},"start":{"column":12,"line":688}},"286":{"end":{"column":13,"line":691},"start":{"column":12,"line":689}},"287":{"end":{"column":51,"line":690},"start":{"column":14,"line":690}},"288":{"end":{"column":25,"line":692},"start":{"column":12,"line":692}},"289":{"end":{"column":13,"line":697},"start":{"column":12,"line":694}},"290":{"end":{"column":52,"line":695},"start":{"column":14,"line":695}},"291":{"end":{"column":20,"line":696},"start":{"column":14,"line":696}},"292":{"end":{"column":22,"line":699},"start":{"column":10,"line":699}},"293":{"end":{"column":20,"line":702},"start":{"column":8,"line":702}},"294":{"end":{"column":18,"line":705},"start":{"column":6,"line":705}},"295":{"end":{"column":13,"line":706},"start":{"column":6,"line":706}},"296":{"end":{"column":6,"line":735},"start":{"column":4,"line":714}},"297":{"end":{"column":30,"line":715},"start":{"column":6,"line":715}},"298":{"end":{"column":7,"line":719},"start":{"column":6,"line":717}},"299":{"end":{"column":20,"line":718},"start":{"column":8,"line":718}},"300":{"end":{"column":32,"line":721},"start":{"column":6,"line":721}},"301":{"end":{"column":7,"line":730},"start":{"column":6,"line":723}},"302":{"end":{"column":9,"line":728},"start":{"column":8,"line":724}},"303":{"end":{"column":11,"line":727},"start":{"column":10,"line":725}},"304":{"end":{"column":71,"line":726},"start":{"column":12,"line":726}},"305":{"end":{"column":106,"line":729},"start":{"column":8,"line":729}},"306":{"end":{"column":59,"line":732},"start":{"column":6,"line":732}},"307":{"end":{"column":29,"line":734},"start":{"column":6,"line":734}},"308":{"end":{"column":6,"line":755},"start":{"column":4,"line":742}},"309":{"end":{"column":7,"line":745},"start":{"column":6,"line":743}},"310":{"end":{"column":20,"line":744},"start":{"column":8,"line":744}},"311":{"end":{"column":32,"line":746},"start":{"column":6,"line":746}},"312":{"end":{"column":7,"line":750},"start":{"column":6,"line":748}},"313":{"end":{"column":88,"line":749},"start":{"column":8,"line":749}},"314":{"end":{"column":59,"line":752},"start":{"column":6,"line":752}},"315":{"end":{"column":29,"line":754},"start":{"column":6,"line":754}},"316":{"end":{"column":6,"line":776},"start":{"column":4,"line":762}},"317":{"end":{"column":32,"line":763},"start":{"column":6,"line":763}},"318":{"end":{"column":7,"line":771},"start":{"column":6,"line":765}},"319":{"end":{"column":9,"line":770},"start":{"column":8,"line":766}},"320":{"end":{"column":90,"line":767},"start":{"column":10,"line":767}},"321":{"end":{"column":66,"line":769},"start":{"column":10,"line":769}},"322":{"end":{"column":59,"line":773},"start":{"column":6,"line":773}},"323":{"end":{"column":29,"line":775},"start":{"column":6,"line":775}},"324":{"end":{"column":6,"line":793},"start":{"column":4,"line":783}},"325":{"end":{"column":30,"line":784},"start":{"column":6,"line":784}},"326":{"end":{"column":7,"line":788},"start":{"column":6,"line":786}},"327":{"end":{"column":40,"line":787},"start":{"column":8,"line":787}},"328":{"end":{"column":51,"line":790},"start":{"column":6,"line":790}},"329":{"end":{"column":28,"line":792},"start":{"column":6,"line":792}},"330":{"end":{"column":6,"line":809},"start":{"column":4,"line":801}},"331":{"end":{"column":44,"line":802},"start":{"column":6,"line":802}},"332":{"end":{"column":42,"line":803},"start":{"column":6,"line":803}},"333":{"end":{"column":46,"line":804},"start":{"column":6,"line":804}},"334":{"end":{"column":65,"line":805},"start":{"column":6,"line":805}},"335":{"end":{"column":18,"line":806},"start":{"column":6,"line":806}},"336":{"end":{"column":18,"line":808},"start":{"column":6,"line":808}},"337":{"end":{"column":6,"line":835},"start":{"column":4,"line":812}},"338":{"end":{"column":20,"line":813},"start":{"column":6,"line":813}},"339":{"end":{"column":7,"line":833},"start":{"column":6,"line":815}},"340":{"end":{"column":68,"line":817},"start":{"column":8,"line":817}},"341":{"end":{"column":55,"line":820},"start":{"column":8,"line":820}},"342":{"end":{"column":9,"line":823},"start":{"column":8,"line":821}},"343":{"end":{"column":38,"line":822},"start":{"column":10,"line":822}},"344":{"end":{"column":56,"line":824},"start":{"column":8,"line":824}},"345":{"end":{"column":9,"line":831},"start":{"column":8,"line":825}},"346":{"end":{"column":11,"line":830},"start":{"column":10,"line":826}},"347":{"end":{"column":13,"line":829},"start":{"column":12,"line":827}},"348":{"end":{"column":101,"line":828},"start":{"column":14,"line":828}},"349":{"end":{"column":29,"line":832},"start":{"column":8,"line":832}},"350":{"end":{"column":18,"line":834},"start":{"column":6,"line":834}},"351":{"end":{"column":6,"line":849},"start":{"column":4,"line":837}},"352":{"end":{"column":33,"line":839},"start":{"column":6,"line":839}},"353":{"end":{"column":67,"line":841},"start":{"column":6,"line":841}},"354":{"end":{"column":7,"line":848},"start":{"column":6,"line":843}},"355":{"end":{"column":39,"line":844},"start":{"column":8,"line":844}},"356":{"end":{"column":50,"line":846},"start":{"column":8,"line":846}},"357":{"end":{"column":20,"line":847},"start":{"column":8,"line":847}},"358":{"end":{"column":6,"line":855},"start":{"column":4,"line":851}},"359":{"end":{"column":33,"line":852},"start":{"column":6,"line":852}},"360":{"end":{"column":30,"line":853},"start":{"column":6,"line":853}},"361":{"end":{"column":27,"line":854},"start":{"column":6,"line":854}},"362":{"end":{"column":5,"line":877},"start":{"column":4,"line":857}},"363":{"end":{"column":30,"line":859},"start":{"column":6,"line":859}},"364":{"end":{"column":22,"line":861},"start":{"column":6,"line":861}},"365":{"end":{"column":45,"line":863},"start":{"column":6,"line":863}},"366":{"end":{"column":47,"line":864},"start":{"column":6,"line":864}},"367":{"end":{"column":41,"line":865},"start":{"column":6,"line":865}},"368":{"end":{"column":47,"line":866},"start":{"column":6,"line":866}},"369":{"end":{"column":43,"line":867},"start":{"column":6,"line":867}},"370":{"end":{"column":47,"line":868},"start":{"column":6,"line":868}},"371":{"end":{"column":24,"line":869},"start":{"column":6,"line":869}},"372":{"end":{"column":21,"line":870},"start":{"column":6,"line":870}},"373":{"end":{"column":30,"line":871},"start":{"column":6,"line":871}},"374":{"end":{"column":33,"line":872},"start":{"column":6,"line":872}},"375":{"end":{"column":27,"line":873},"start":{"column":6,"line":873}},"376":{"end":{"column":18,"line":876},"start":{"column":6,"line":876}},"377":{"end":{"column":6,"line":888},"start":{"column":4,"line":886}},"378":{"end":{"column":29,"line":887},"start":{"column":6,"line":887}},"379":{"end":{"column":6,"line":906},"start":{"column":4,"line":895}},"380":{"end":{"column":22,"line":896},"start":{"column":6,"line":896}},"381":{"end":{"column":28,"line":897},"start":{"column":6,"line":897}},"382":{"end":{"column":7,"line":905},"start":{"column":6,"line":898}},"383":{"end":{"column":28,"line":899},"start":{"column":8,"line":899}},"384":{"end":{"column":14,"line":904},"start":{"column":8,"line":900}},"385":{"end":{"column":23,"line":901},"start":{"column":10,"line":901}},"386":{"end":{"column":36,"line":902},"start":{"column":10,"line":902}},"387":{"end":{"column":31,"line":903},"start":{"column":10,"line":903}},"388":{"end":{"column":6,"line":915},"start":{"column":4,"line":911}},"389":{"end":{"column":26,"line":912},"start":{"column":6,"line":912}},"390":{"end":{"column":29,"line":913},"start":{"column":6,"line":913}},"391":{"end":{"column":34,"line":914},"start":{"column":6,"line":914}},"392":{"end":{"column":6,"line":924},"start":{"column":4,"line":921}},"393":{"end":{"column":24,"line":922},"start":{"column":6,"line":922}},"394":{"end":{"column":46,"line":923},"start":{"column":6,"line":923}},"395":{"end":{"column":6,"line":939},"start":{"column":4,"line":933}},"396":{"end":{"column":7,"line":938},"start":{"column":6,"line":934}},"397":{"end":{"column":45,"line":935},"start":{"column":8,"line":935}},"398":{"end":{"column":43,"line":937},"start":{"column":8,"line":937}},"399":{"end":{"column":6,"line":951},"start":{"column":4,"line":946}},"400":{"end":{"column":58,"line":947},"start":{"column":6,"line":947}},"401":{"end":{"column":7,"line":950},"start":{"column":6,"line":948}},"402":{"end":{"column":49,"line":949},"start":{"column":8,"line":949}},"403":{"end":{"column":6,"line":962},"start":{"column":4,"line":958}},"404":{"end":{"column":7,"line":961},"start":{"column":6,"line":959}},"405":{"end":{"column":31,"line":960},"start":{"column":8,"line":960}},"406":{"end":{"column":6,"line":984},"start":{"column":4,"line":969}},"407":{"end":{"column":24,"line":970},"start":{"column":6,"line":970}},"408":{"end":{"column":28,"line":971},"start":{"column":6,"line":971}},"409":{"end":{"column":7,"line":978},"start":{"column":6,"line":973}},"410":{"end":{"column":9,"line":977},"start":{"column":8,"line":974}},"411":{"end":{"column":51,"line":975},"start":{"column":10,"line":975}},"412":{"end":{"column":30,"line":976},"start":{"column":10,"line":976}},"413":{"end":{"column":7,"line":983},"start":{"column":6,"line":980}},"414":{"end":{"column":49,"line":981},"start":{"column":8,"line":981}},"415":{"end":{"column":22,"line":982},"start":{"column":8,"line":982}},"416":{"end":{"column":6,"line":997},"start":{"column":4,"line":991}},"417":{"end":{"column":21,"line":992},"start":{"column":6,"line":992}},"418":{"end":{"column":7,"line":995},"start":{"column":6,"line":993}},"419":{"end":{"column":36,"line":994},"start":{"column":8,"line":994}},"420":{"end":{"column":19,"line":996},"start":{"column":6,"line":996}},"421":{"end":{"column":6,"line":1025},"start":{"column":4,"line":1003}},"422":{"end":{"column":44,"line":1004},"start":{"column":6,"line":1004}},"423":{"end":{"column":30,"line":1005},"start":{"column":6,"line":1005}},"424":{"end":{"column":7,"line":1009},"start":{"column":6,"line":1007}},"425":{"end":{"column":57,"line":1008},"start":{"column":8,"line":1008}},"426":{"end":{"column":31,"line":1012},"start":{"column":6,"line":1012}},"427":{"end":{"column":65,"line":1015},"start":{"column":6,"line":1015}},"428":{"end":{"column":7,"line":1020},"start":{"column":6,"line":1018}},"429":{"end":{"column":52,"line":1019},"start":{"column":8,"line":1019}},"430":{"end":{"column":19,"line":1023},"start":{"column":6,"line":1023}},"431":{"end":{"column":32,"line":1024},"start":{"column":6,"line":1024}},"432":{"end":{"column":6,"line":1033},"start":{"column":4,"line":1031}},"433":{"end":{"column":29,"line":1032},"start":{"column":6,"line":1032}},"434":{"end":{"column":6,"line":1043},"start":{"column":4,"line":1040}},"435":{"end":{"column":38,"line":1041},"start":{"column":6,"line":1041}},"436":{"end":{"column":34,"line":1042},"start":{"column":6,"line":1042}},"437":{"end":{"column":6,"line":1051},"start":{"column":4,"line":1048}},"438":{"end":{"column":32,"line":1049},"start":{"column":6,"line":1049}},"439":{"end":{"column":59,"line":1050},"start":{"column":6,"line":1050}},"440":{"end":{"column":6,"line":1063},"start":{"column":4,"line":1056}},"441":{"end":{"column":34,"line":1057},"start":{"column":6,"line":1057}},"442":{"end":{"column":29,"line":1058},"start":{"column":6,"line":1058}},"443":{"end":{"column":7,"line":1062},"start":{"column":6,"line":1060}},"444":{"end":{"column":34,"line":1061},"start":{"column":8,"line":1061}},"445":{"end":{"column":6,"line":1078},"start":{"column":4,"line":1070}},"446":{"end":{"column":9,"line":1076},"start":{"column":8,"line":1074}},"447":{"end":{"column":101,"line":1075},"start":{"column":10,"line":1075}},"448":{"end":{"column":27,"line":1083},"start":{"column":4,"line":1083}},"449":{"end":{"column":6,"line":1094},"start":{"column":4,"line":1088}},"450":{"end":{"column":6,"line":1102},"start":{"column":4,"line":1100}},"451":{"end":{"column":24,"line":1101},"start":{"column":6,"line":1101}},"452":{"end":{"column":6,"line":1111},"start":{"column":4,"line":1109}},"453":{"end":{"column":31,"line":1110},"start":{"column":6,"line":1110}},"454":{"end":{"column":6,"line":1119},"start":{"column":4,"line":1117}},"455":{"end":{"column":26,"line":1118},"start":{"column":6,"line":1118}},"456":{"end":{"column":6,"line":1128},"start":{"column":4,"line":1126}},"457":{"end":{"column":53,"line":1127},"start":{"column":6,"line":1127}},"458":{"end":{"column":6,"line":1165},"start":{"column":4,"line":1135}},"459":{"end":{"column":24,"line":1136},"start":{"column":6,"line":1136}},"460":{"end":{"column":23,"line":1137},"start":{"column":6,"line":1137}},"461":{"end":{"column":27,"line":1138},"start":{"column":6,"line":1138}},"462":{"end":{"column":7,"line":1142},"start":{"column":6,"line":1140}},"463":{"end":{"column":30,"line":1141},"start":{"column":8,"line":1141}},"464":{"end":{"column":64,"line":1144},"start":{"column":6,"line":1144}},"465":{"end":{"column":58,"line":1145},"start":{"column":6,"line":1145}},"466":{"end":{"column":8,"line":1157},"start":{"column":6,"line":1147}},"467":{"end":{"column":31,"line":1148},"start":{"column":8,"line":1148}},"468":{"end":{"column":32,"line":1149},"start":{"column":8,"line":1149}},"469":{"end":{"column":45,"line":1150},"start":{"column":8,"line":1150}},"470":{"end":{"column":45,"line":1152},"start":{"column":8,"line":1152}},"471":{"end":{"column":9,"line":1156},"start":{"column":8,"line":1154}},"472":{"end":{"column":54,"line":1155},"start":{"column":10,"line":1155}},"473":{"end":{"column":8,"line":1162},"start":{"column":6,"line":1159}},"474":{"end":{"column":27,"line":1164},"start":{"column":6,"line":1164}},"475":{"end":{"column":6,"line":1173},"start":{"column":4,"line":1169}},"476":{"end":{"column":79,"line":1171},"start":{"column":8,"line":1171}},"477":{"end":{"column":6,"line":1192},"start":{"column":4,"line":1175}},"478":{"end":{"column":40,"line":1177},"start":{"column":8,"line":1177}},"479":{"end":{"column":42,"line":1178},"start":{"column":8,"line":1178}},"480":{"end":{"column":60,"line":1180},"start":{"column":8,"line":1180}},"481":{"end":{"column":39,"line":1182},"start":{"column":8,"line":1182}},"482":{"end":{"column":11,"line":1188},"start":{"column":8,"line":1184}},"483":{"end":{"column":11,"line":1187},"start":{"column":10,"line":1185}},"484":{"end":{"column":93,"line":1186},"start":{"column":12,"line":1186}},"485":{"end":{"column":108,"line":1190},"start":{"column":8,"line":1190}},"486":{"end":{"column":6,"line":1223},"start":{"column":4,"line":1194}},"487":{"end":{"column":46,"line":1196},"start":{"column":8,"line":1196}},"488":{"end":{"column":40,"line":1198},"start":{"column":8,"line":1198}},"489":{"end":{"column":50,"line":1200},"start":{"column":8,"line":1200}},"490":{"end":{"column":42,"line":1201},"start":{"column":8,"line":1201}},"491":{"end":{"column":39,"line":1202},"start":{"column":8,"line":1202}},"492":{"end":{"column":31,"line":1203},"start":{"column":8,"line":1203}},"493":{"end":{"column":51,"line":1204},"start":{"column":8,"line":1204}},"494":{"end":{"column":9,"line":1207},"start":{"column":8,"line":1205}},"495":{"end":{"column":22,"line":1206},"start":{"column":10,"line":1206}},"496":{"end":{"column":27,"line":1208},"start":{"column":8,"line":1208}},"497":{"end":{"column":29,"line":1210},"start":{"column":8,"line":1210}},"498":{"end":{"column":9,"line":1214},"start":{"column":8,"line":1212}},"499":{"end":{"column":59,"line":1213},"start":{"column":10,"line":1213}},"500":{"end":{"column":104,"line":1216},"start":{"column":8,"line":1216}},"501":{"end":{"column":9,"line":1221},"start":{"column":8,"line":1217}},"502":{"end":{"column":58,"line":1218},"start":{"column":10,"line":1218}},"503":{"end":{"column":60,"line":1220},"start":{"column":10,"line":1220}},"504":{"end":{"column":6,"line":1234},"start":{"column":4,"line":1225}},"505":{"end":{"column":89,"line":1227},"start":{"column":8,"line":1227}},"506":{"end":{"column":9,"line":1232},"start":{"column":8,"line":1228}},"507":{"end":{"column":54,"line":1229},"start":{"column":10,"line":1229}},"508":{"end":{"column":56,"line":1231},"start":{"column":10,"line":1231}},"509":{"end":{"column":6,"line":1240},"start":{"column":4,"line":1236}},"510":{"end":{"column":60,"line":1238},"start":{"column":8,"line":1238}},"511":{"end":{"column":6,"line":1246},"start":{"column":4,"line":1242}},"512":{"end":{"column":40,"line":1244},"start":{"column":8,"line":1244}},"513":{"end":{"column":6,"line":1255},"start":{"column":4,"line":1248}},"514":{"end":{"column":52,"line":1249},"start":{"column":6,"line":1249}},"515":{"end":{"column":7,"line":1254},"start":{"column":6,"line":1250}},"516":{"end":{"column":34,"line":1251},"start":{"column":8,"line":1251}},"517":{"end":{"column":35,"line":1253},"start":{"column":8,"line":1253}},"518":{"end":{"column":6,"line":1260},"start":{"column":4,"line":1257}},"519":{"end":{"column":27,"line":1258},"start":{"column":6,"line":1258}},"520":{"end":{"column":34,"line":1259},"start":{"column":6,"line":1259}},"521":{"end":{"column":6,"line":1267},"start":{"column":4,"line":1262}},"522":{"end":{"column":25,"line":1263},"start":{"column":6,"line":1263}},"523":{"end":{"column":7,"line":1266},"start":{"column":6,"line":1264}},"524":{"end":{"column":52,"line":1265},"start":{"column":8,"line":1265}},"525":{"end":{"column":75,"line":1269},"start":{"column":4,"line":1269}},"526":{"end":{"column":16,"line":1270},"start":{"column":4,"line":1270}}}}}