{"/Users/gshah/KabirProjects/moon/dist/moon.min.js":{"b":{"1":[0,1],"2":[1,0],"3":[72,72],"4":[9,0],"5":[9,9],"6":[9,7],"7":[9,9],"8":[9,9],"9":[1,1],"10":[1,1],"11":[8,16],"12":[9,0,0],"13":[0,0],"14":[8,7],"15":[29,1],"16":[16,13],"17":[13,0],"18":[7,14],"19":[9,0],"20":[1,1],"21":[1,0]},"branchMap":{"1":{"line":8,"locations":[{"end":{"column":73,"line":8},"start":{"column":55,"line":8}},{"end":{"column":84,"line":8},"start":{"column":74,"line":8}}],"type":"cond-expr"},"2":{"line":8,"locations":[{"end":{"column":38,"line":8},"start":{"column":15,"line":8}},{"end":{"column":54,"line":8},"start":{"column":40,"line":8}}],"type":"binary-expr"},"3":{"line":8,"locations":[{"end":{"column":152,"line":8},"start":{"column":133,"line":8}},{"end":{"column":164,"line":8},"start":{"column":155,"line":8}}],"type":"binary-expr"},"4":{"line":8,"locations":[{"end":{"column":201,"line":8},"start":{"column":200,"line":8}},{"end":{"column":205,"line":8},"start":{"column":203,"line":8}}],"type":"binary-expr"},"5":{"line":8,"locations":[{"end":{"column":329,"line":8},"start":{"column":310,"line":8}},{"end":{"column":349,"line":8},"start":{"column":331,"line":8}}],"type":"binary-expr"},"6":{"line":8,"locations":[{"end":{"column":458,"line":8},"start":{"column":440,"line":8}},{"end":{"column":462,"line":8},"start":{"column":460,"line":8}}],"type":"binary-expr"},"7":{"line":8,"locations":[{"end":{"column":503,"line":8},"start":{"column":482,"line":8}},{"end":{"column":507,"line":8},"start":{"column":505,"line":8}}],"type":"binary-expr"},"8":{"line":8,"locations":[{"end":{"column":551,"line":8},"start":{"column":530,"line":8}},{"end":{"column":555,"line":8},"start":{"column":553,"line":8}}],"type":"binary-expr"},"9":{"line":8,"locations":[{"end":{"column":841,"line":8},"start":{"column":811,"line":8}},{"end":{"column":858,"line":8},"start":{"column":842,"line":8}}],"type":"cond-expr"},"10":{"line":8,"locations":[{"end":{"column":954,"line":8},"start":{"column":931,"line":8}},{"end":{"column":977,"line":8},"start":{"column":955,"line":8}}],"type":"cond-expr"},"11":{"line":8,"locations":[{"end":{"column":1889,"line":8},"start":{"column":1889,"line":8}},{"end":{"column":1889,"line":8},"start":{"column":1889,"line":8}}],"type":"if"},"12":{"line":8,"locations":[{"end":{"column":2302,"line":8},"start":{"column":2293,"line":8}},{"end":{"column":2305,"line":8},"start":{"column":2304,"line":8}},{"end":{"column":2321,"line":8},"start":{"column":2307,"line":8}}],"type":"binary-expr"},"13":{"line":8,"locations":[{"end":{"column":2354,"line":8},"start":{"column":2353,"line":8}},{"end":{"column":2387,"line":8},"start":{"column":2356,"line":8}}],"type":"binary-expr"},"14":{"line":8,"locations":[{"end":{"column":2450,"line":8},"start":{"column":2435,"line":8}},{"end":{"column":2502,"line":8},"start":{"column":2452,"line":8}}],"type":"binary-expr"},"15":{"line":8,"locations":[{"end":{"column":2847,"line":8},"start":{"column":2847,"line":8}},{"end":{"column":2847,"line":8},"start":{"column":2847,"line":8}}],"type":"if"},"16":{"line":8,"locations":[{"end":{"column":2862,"line":8},"start":{"column":2862,"line":8}},{"end":{"column":2862,"line":8},"start":{"column":2862,"line":8}}],"type":"if"},"17":{"line":8,"locations":[{"end":{"column":2925,"line":8},"start":{"column":2925,"line":8}},{"end":{"column":2925,"line":8},"start":{"column":2925,"line":8}}],"type":"if"},"18":{"line":8,"locations":[{"end":{"column":3027,"line":8},"start":{"column":2995,"line":8}},{"end":{"column":3048,"line":8},"start":{"column":3029,"line":8}}],"type":"cond-expr"},"19":{"line":8,"locations":[{"end":{"column":3179,"line":8},"start":{"column":3171,"line":8}},{"end":{"column":3230,"line":8},"start":{"column":3181,"line":8}}],"type":"binary-expr"},"20":{"line":8,"locations":[{"end":{"column":3383,"line":8},"start":{"column":3375,"line":8}},{"end":{"column":3403,"line":8},"start":{"column":3386,"line":8}}],"type":"binary-expr"},"21":{"line":8,"locations":[{"end":{"column":3413,"line":8},"start":{"column":3405,"line":8}},{"end":{"column":3437,"line":8},"start":{"column":3416,"line":8}}],"type":"binary-expr"}},"f":{"1":1,"2":1,"3":27,"4":9,"5":54,"6":0,"7":2,"8":2,"9":1,"10":2,"11":1,"12":0,"13":0,"14":0,"15":1,"16":0,"17":0,"18":38,"19":15,"20":24,"21":24,"22":24,"23":9,"24":27,"25":9,"26":0,"27":8,"28":8,"29":4,"30":1,"31":0,"32":45,"33":9,"34":1,"35":0,"36":0,"37":0,"38":0},"fnMap":{"1":{"line":8,"loc":{"end":{"column":14,"line":8},"start":{"column":1,"line":8}},"name":"(anonymous_1)"},"2":{"line":8,"loc":{"end":{"column":101,"line":8},"start":{"column":91,"line":8}},"name":"(anonymous_2)"},"3":{"line":8,"loc":{"end":{"column":117,"line":8},"start":{"column":102,"line":8}},"name":"t"},"4":{"line":8,"loc":{"end":{"column":188,"line":8},"start":{"column":175,"line":8}},"name":"e"},"5":{"line":8,"loc":{"end":{"column":641,"line":8},"start":{"column":631,"line":8}},"name":"(anonymous_5)"},"6":{"line":8,"loc":{"end":{"column":667,"line":8},"start":{"column":656,"line":8}},"name":"(anonymous_6)"},"7":{"line":8,"loc":{"end":{"column":774,"line":8},"start":{"column":759,"line":8}},"name":"(anonymous_7)"},"8":{"line":8,"loc":{"end":{"column":894,"line":8},"start":{"column":879,"line":8}},"name":"(anonymous_8)"},"9":{"line":8,"loc":{"end":{"column":1011,"line":8},"start":{"column":996,"line":8}},"name":"(anonymous_9)"},"10":{"line":8,"loc":{"end":{"column":1076,"line":8},"start":{"column":1066,"line":8}},"name":"(anonymous_10)"},"11":{"line":8,"loc":{"end":{"column":1161,"line":8},"start":{"column":1146,"line":8}},"name":"(anonymous_11)"},"12":{"line":8,"loc":{"end":{"column":1216,"line":8},"start":{"column":1206,"line":8}},"name":"(anonymous_12)"},"13":{"line":8,"loc":{"end":{"column":1303,"line":8},"start":{"column":1288,"line":8}},"name":"(anonymous_13)"},"14":{"line":8,"loc":{"end":{"column":1378,"line":8},"start":{"column":1363,"line":8}},"name":"(anonymous_14)"},"15":{"line":8,"loc":{"end":{"column":1505,"line":8},"start":{"column":1490,"line":8}},"name":"(anonymous_15)"},"16":{"line":8,"loc":{"end":{"column":1557,"line":8},"start":{"column":1542,"line":8}},"name":"(anonymous_16)"},"17":{"line":8,"loc":{"end":{"column":1607,"line":8},"start":{"column":1592,"line":8}},"name":"(anonymous_17)"},"18":{"line":8,"loc":{"end":{"column":1681,"line":8},"start":{"column":1668,"line":8}},"name":"(anonymous_18)"},"19":{"line":8,"loc":{"end":{"column":1748,"line":8},"start":{"column":1735,"line":8}},"name":"(anonymous_19)"},"20":{"line":8,"loc":{"end":{"column":1879,"line":8},"start":{"column":1868,"line":8}},"name":"(anonymous_20)"},"21":{"line":8,"loc":{"end":{"column":2010,"line":8},"start":{"column":1993,"line":8}},"name":"(anonymous_21)"},"22":{"line":8,"loc":{"end":{"column":2065,"line":8},"start":{"column":2054,"line":8}},"name":"(anonymous_22)"},"23":{"line":8,"loc":{"end":{"column":2194,"line":8},"start":{"column":2181,"line":8}},"name":"(anonymous_23)"},"24":{"line":8,"loc":{"end":{"column":2222,"line":8},"start":{"column":2212,"line":8}},"name":"(anonymous_24)"},"25":{"line":8,"loc":{"end":{"column":2292,"line":8},"start":{"column":2281,"line":8}},"name":"(anonymous_25)"},"26":{"line":8,"loc":{"end":{"column":2352,"line":8},"start":{"column":2341,"line":8}},"name":"(anonymous_26)"},"27":{"line":8,"loc":{"end":{"column":2418,"line":8},"start":{"column":2405,"line":8}},"name":"(anonymous_27)"},"28":{"line":8,"loc":{"end":{"column":2553,"line":8},"start":{"column":2542,"line":8}},"name":"(anonymous_28)"},"29":{"line":8,"loc":{"end":{"column":2610,"line":8},"start":{"column":2599,"line":8}},"name":"(anonymous_29)"},"30":{"line":8,"loc":{"end":{"column":2661,"line":8},"start":{"column":2651,"line":8}},"name":"(anonymous_30)"},"31":{"line":8,"loc":{"end":{"column":2713,"line":8},"start":{"column":2702,"line":8}},"name":"(anonymous_31)"},"32":{"line":8,"loc":{"end":{"column":2800,"line":8},"start":{"column":2787,"line":8}},"name":"(anonymous_32)"},"33":{"line":8,"loc":{"end":{"column":3115,"line":8},"start":{"column":3105,"line":8}},"name":"(anonymous_33)"},"34":{"line":8,"loc":{"end":{"column":3374,"line":8},"start":{"column":3363,"line":8}},"name":"(anonymous_34)"},"35":{"line":8,"loc":{"end":{"column":3457,"line":8},"start":{"column":3446,"line":8}},"name":"(anonymous_35)"},"36":{"line":8,"loc":{"end":{"column":3494,"line":8},"start":{"column":3481,"line":8}},"name":"(anonymous_36)"},"37":{"line":8,"loc":{"end":{"column":3537,"line":8},"start":{"column":3524,"line":8}},"name":"(anonymous_37)"},"38":{"line":8,"loc":{"end":{"column":3550,"line":8},"start":{"column":3538,"line":8}},"name":"i"}},"path":"/Users/gshah/KabirProjects/moon/dist/moon.min.js","s":{"1":1,"2":1,"3":1,"4":27,"5":72,"6":27,"7":1,"8":9,"9":9,"10":9,"11":54,"12":0,"13":2,"14":2,"15":2,"16":2,"17":1,"18":1,"19":2,"20":1,"21":0,"22":0,"23":0,"24":0,"25":0,"26":0,"27":1,"28":0,"29":1,"30":38,"31":38,"32":15,"33":38,"34":38,"35":24,"36":24,"37":8,"38":16,"39":22,"40":16,"41":24,"42":24,"43":15,"44":24,"45":9,"46":1,"47":9,"48":0,"49":8,"50":8,"51":4,"52":1,"53":0,"54":45,"55":30,"56":30,"57":29,"58":16,"59":13,"60":13,"61":21,"62":21,"63":29,"64":9,"65":1,"66":0,"67":0,"68":1,"69":0,"70":0,"71":0,"72":0,"73":0},"statementMap":{"1":{"end":{"column":3675,"line":8},"start":{"column":0,"line":8}},"2":{"end":{"column":84,"line":8},"start":{"column":15,"line":8}},"3":{"end":{"column":175,"line":8},"start":{"column":102,"line":8}},"4":{"end":{"column":166,"line":8},"start":{"column":118,"line":8}},"5":{"end":{"column":166,"line":8},"start":{"column":133,"line":8}},"6":{"end":{"column":174,"line":8},"start":{"column":166,"line":8}},"7":{"end":{"column":1622,"line":8},"start":{"column":175,"line":8}},"8":{"end":{"column":206,"line":8},"start":{"column":189,"line":8}},"9":{"end":{"column":235,"line":8},"start":{"column":206,"line":8}},"10":{"end":{"column":1621,"line":8},"start":{"column":235,"line":8}},"11":{"end":{"column":650,"line":8},"start":{"column":642,"line":8}},"12":{"end":{"column":722,"line":8},"start":{"column":668,"line":8}},"13":{"end":{"column":807,"line":8},"start":{"column":775,"line":8}},"14":{"end":{"column":858,"line":8},"start":{"column":807,"line":8}},"15":{"end":{"column":927,"line":8},"start":{"column":895,"line":8}},"16":{"end":{"column":977,"line":8},"start":{"column":927,"line":8}},"17":{"end":{"column":1045,"line":8},"start":{"column":1012,"line":8}},"18":{"end":{"column":1124,"line":8},"start":{"column":1045,"line":8}},"19":{"end":{"column":1092,"line":8},"start":{"column":1077,"line":8}},"20":{"end":{"column":1268,"line":8},"start":{"column":1162,"line":8}},"21":{"end":{"column":1233,"line":8},"start":{"column":1217,"line":8}},"22":{"end":{"column":1326,"line":8},"start":{"column":1304,"line":8}},"23":{"end":{"column":1342,"line":8},"start":{"column":1326,"line":8}},"24":{"end":{"column":1399,"line":8},"start":{"column":1379,"line":8}},"25":{"end":{"column":1469,"line":8},"start":{"column":1399,"line":8}},"26":{"end":{"column":1469,"line":8},"start":{"column":1423,"line":8}},"27":{"end":{"column":1521,"line":8},"start":{"column":1506,"line":8}},"28":{"end":{"column":1571,"line":8},"start":{"column":1558,"line":8}},"29":{"end":{"column":2258,"line":8},"start":{"column":1622,"line":8}},"30":{"end":{"column":1723,"line":8},"start":{"column":1682,"line":8}},"31":{"end":{"column":1790,"line":8},"start":{"column":1723,"line":8}},"32":{"end":{"column":1787,"line":8},"start":{"column":1749,"line":8}},"33":{"end":{"column":1856,"line":8},"start":{"column":1790,"line":8}},"34":{"end":{"column":1864,"line":8},"start":{"column":1856,"line":8}},"35":{"end":{"column":1889,"line":8},"start":{"column":1880,"line":8}},"36":{"end":{"column":1915,"line":8},"start":{"column":1889,"line":8}},"37":{"end":{"column":1915,"line":8},"start":{"column":1906,"line":8}},"38":{"end":{"column":1981,"line":8},"start":{"column":1915,"line":8}},"39":{"end":{"column":1981,"line":8},"start":{"column":1957,"line":8}},"40":{"end":{"column":1989,"line":8},"start":{"column":1981,"line":8}},"41":{"end":{"column":2050,"line":8},"start":{"column":2011,"line":8}},"42":{"end":{"column":2136,"line":8},"start":{"column":2066,"line":8}},"43":{"end":{"column":2136,"line":8},"start":{"column":2109,"line":8}},"44":{"end":{"column":2177,"line":8},"start":{"column":2136,"line":8}},"45":{"end":{"column":2208,"line":8},"start":{"column":2195,"line":8}},"46":{"end":{"column":3672,"line":8},"start":{"column":2258,"line":8}},"47":{"end":{"column":2321,"line":8},"start":{"column":2293,"line":8}},"48":{"end":{"column":2387,"line":8},"start":{"column":2353,"line":8}},"49":{"end":{"column":2524,"line":8},"start":{"column":2419,"line":8}},"50":{"end":{"column":2574,"line":8},"start":{"column":2554,"line":8}},"51":{"end":{"column":2629,"line":8},"start":{"column":2611,"line":8}},"52":{"end":{"column":2767,"line":8},"start":{"column":2662,"line":8}},"53":{"end":{"column":2721,"line":8},"start":{"column":2714,"line":8}},"54":{"end":{"column":3086,"line":8},"start":{"column":2801,"line":8}},"55":{"end":{"column":2847,"line":8},"start":{"column":2829,"line":8}},"56":{"end":{"column":3085,"line":8},"start":{"column":2847,"line":8}},"57":{"end":{"column":3049,"line":8},"start":{"column":2862,"line":8}},"58":{"end":{"column":2920,"line":8},"start":{"column":2886,"line":8}},"59":{"end":{"column":3049,"line":8},"start":{"column":2925,"line":8}},"60":{"end":{"column":3049,"line":8},"start":{"column":2936,"line":8}},"61":{"end":{"column":2989,"line":8},"start":{"column":2958,"line":8}},"62":{"end":{"column":3048,"line":8},"start":{"column":2989,"line":8}},"63":{"end":{"column":3084,"line":8},"start":{"column":3049,"line":8}},"64":{"end":{"column":3352,"line":8},"start":{"column":3116,"line":8}},"65":{"end":{"column":3438,"line":8},"start":{"column":3375,"line":8}},"66":{"end":{"column":3467,"line":8},"start":{"column":3458,"line":8}},"67":{"end":{"column":3510,"line":8},"start":{"column":3495,"line":8}},"68":{"end":{"column":3566,"line":8},"start":{"column":3538,"line":8}},"69":{"end":{"column":3565,"line":8},"start":{"column":3551,"line":8}},"70":{"end":{"column":3577,"line":8},"start":{"column":3566,"line":8}},"71":{"end":{"column":3642,"line":8},"start":{"column":3577,"line":8}},"72":{"end":{"column":3654,"line":8},"start":{"column":3642,"line":8}},"73":{"end":{"column":3669,"line":8},"start":{"column":3654,"line":8}}}}}